
SQL*Plus: Release 19.0.0.0.0 - Production on … 9Œ 25 09:46:33 2024
Version 19.3.0.0.0

Copyright (c) 1982, 2019, Oracle.  All rights reserved.

ÅI³íƒƒOƒCƒ“ŠÔ: … 9Œ  25 2024 09:39:42 +09:00


Oracle Database 19c Enterprise Edition Release 19.0.0.0.0 - Production
Version 19.3.0.0.0
‚ÉÚ‘±‚³‚ê‚Ü‚µ‚½B

•\‚ªíœ‚³‚ê‚Ü‚µ‚½B


‡˜‚ªíœ‚³‚ê‚Ü‚µ‚½B

Oracle Database 19c Enterprise Edition Release 19.0.0.0.0 - Production
Version 19.3.0.0.0‚Æ‚ÌÚ‘±‚ªØ’f‚³‚ê‚Ü‚µ‚½B

SQL*Plus: Release 19.0.0.0.0 - Production on … 9Œ 25 09:46:35 2024
Version 19.3.0.0.0

Copyright (c) 1982, 2019, Oracle.  All rights reserved.

ÅI³íƒƒOƒCƒ“ŠÔ: … 9Œ  25 2024 09:46:34 +09:00


Oracle Database 19c Enterprise Edition Release 19.0.0.0.0 - Production
Version 19.3.0.0.0
‚ÉÚ‘±‚³‚ê‚Ü‚µ‚½B

•\‚ªíœ‚³‚ê‚Ü‚µ‚½B

drop sequence users_Sequence
              *
s1‚ÅƒGƒ‰[‚ª”­¶‚µ‚Ü‚µ‚½B:
ORA-02289: ‡˜‚ª‘¶İ‚µ‚Ü‚¹‚ñB


Oracle Database 19c Enterprise Edition Release 19.0.0.0.0 - Production
Version 19.3.0.0.0‚Æ‚ÌÚ‘±‚ªØ’f‚³‚ê‚Ü‚µ‚½B

SQL*Plus: Release 19.0.0.0.0 - Production on … 9Œ 25 09:48:31 2024
Version 19.3.0.0.0

Copyright (c) 1982, 2019, Oracle.  All rights reserved.

ÅI³íƒƒOƒCƒ“ŠÔ: … 9Œ  25 2024 09:46:35 +09:00


Oracle Database 19c Enterprise Edition Release 19.0.0.0.0 - Production
Version 19.3.0.0.0
‚ÉÚ‘±‚³‚ê‚Ü‚µ‚½B

•\‚ªì¬‚³‚ê‚Ü‚µ‚½B


ƒRƒ~ƒbƒg‚ªŠ®—¹‚µ‚Ü‚µ‚½B

Oracle Database 19c Enterprise Edition Release 19.0.0.0.0 - Production
Version 19.3.0.0.0‚Æ‚ÌÚ‘±‚ªØ’f‚³‚ê‚Ü‚µ‚½B

SQL*Plus: Release 19.0.0.0.0 - Production on … 9Œ 25 09:48:32 2024
Version 19.3.0.0.0

Copyright (c) 1982, 2019, Oracle.  All rights reserved.

ÅI³íƒƒOƒCƒ“ŠÔ: … 9Œ  25 2024 09:48:31 +09:00


Oracle Database 19c Enterprise Edition Release 19.0.0.0.0 - Production
Version 19.3.0.0.0
‚ÉÚ‘±‚³‚ê‚Ü‚µ‚½B

‡˜‚ªì¬‚³‚ê‚Ü‚µ‚½B


•\‚ªì¬‚³‚ê‚Ü‚µ‚½B


ƒRƒ~ƒbƒg‚ªŠ®—¹‚µ‚Ü‚µ‚½B

Oracle Database 19c Enterprise Edition Release 19.0.0.0.0 - Production
Version 19.3.0.0.0‚Æ‚ÌÚ‘±‚ªØ’f‚³‚ê‚Ü‚µ‚½B

SQL*Plus: Release 19.0.0.0.0 - Production on … 9Œ 25 09:48:46 2024
Version 19.3.0.0.0

Copyright (c) 1982, 2019, Oracle.  All rights reserved.

ÅI³íƒƒOƒCƒ“ŠÔ: … 9Œ  25 2024 09:48:33 +09:00


Oracle Database 19c Enterprise Edition Release 19.0.0.0.0 - Production
Version 19.3.0.0.0
‚ÉÚ‘±‚³‚ê‚Ü‚µ‚½B

1s‚ªì¬‚³‚ê‚Ü‚µ‚½B


1s‚ªì¬‚³‚ê‚Ü‚µ‚½B


1s‚ªì¬‚³‚ê‚Ü‚µ‚½B


1s‚ªì¬‚³‚ê‚Ü‚µ‚½B

INSERT INTO users (email, user_name, password, old_password, secret_word) VALUES ('testuser2@hoge.jp', 'Error User1', 'password123', NULL, 'ƒeƒXƒg')
*
s1‚ÅƒGƒ‰[‚ª”­¶‚µ‚Ü‚µ‚½B:
ORA-02290: ƒ`ƒFƒbƒN§–ñ(INFO.CK_USER_PASSWORD)‚Éˆá”½‚µ‚Ü‚µ‚½


INSERT INTO users (email, user_name, password, old_password, secret_word) VALUES ('testuser3@hoge.jp', 'Error User2', 'AAAAaaaa1111!', NULL, 'ƒeƒXƒg')
*
s1‚ÅƒGƒ‰[‚ª”­¶‚µ‚Ü‚µ‚½B:
ORA-02290: ƒ`ƒFƒbƒN§–ñ(INFO.CK_USER_PASSWORD)‚Éˆá”½‚µ‚Ü‚µ‚½


INSERT INTO users (email, user_name, password, old_password, secret_word) VALUES ('testuser4@hoge.jp', 'Error User3', 'Short1!', NULL, 'ƒeƒXƒg')
*
s1‚ÅƒGƒ‰[‚ª”­¶‚µ‚Ü‚µ‚½B:
ORA-02290: ƒ`ƒFƒbƒN§–ñ(INFO.CK_USER_PASSWORD)‚Éˆá”½‚µ‚Ü‚µ‚½


INSERT INTO users (email, user_name, password, old_password, secret_word) VALUES ('testuer5@hoge.jp', 'Error User4', '12345678', NULL, 'ƒeƒXƒg')
*
s1‚ÅƒGƒ‰[‚ª”­¶‚µ‚Ü‚µ‚½B:
ORA-02290: ƒ`ƒFƒbƒN§–ñ(INFO.CK_USER_PASSWORD)‚Éˆá”½‚µ‚Ü‚µ‚½


INSERT INTO users (email, user_name, password, old_password, secret_word) VALUES ('', 'Error User5', 'ErrorUser123!', NULL, 'ƒeƒXƒg')
                                                                                  *
s1‚ÅƒGƒ‰[‚ª”­¶‚µ‚Ü‚µ‚½B:
ORA-01400: ("INFO"."USERS"."EMAIL")‚É‚ÍNULL‚Í‘}“ü‚Å‚«‚Ü‚¹‚ñB


INSERT INTO users (email, user_name, password, old_password, secret_word) VALUES ('testuer6@hoge.jp', '', 'ErrorUser123!', NULL, 'ƒeƒXƒg')
                                                                                                      *
s1‚ÅƒGƒ‰[‚ª”­¶‚µ‚Ü‚µ‚½B:
ORA-01400: ("INFO"."USERS"."USER_NAME")‚É‚ÍNULL‚Í‘}“ü‚Å‚«‚Ü‚¹‚ñB


INSERT INTO users (email, user_name, password, old_password, secret_word) VALUES ('testuser7@hoge.jp', 'Error User6', 'ErrorUser123!', NULL, '')
                                                                                                                                             *
s1‚ÅƒGƒ‰[‚ª”­¶‚µ‚Ü‚µ‚½B:
ORA-01400: ("INFO"."USERS"."SECRET_WORD")‚É‚ÍNULL‚Í‘}“ü‚Å‚«‚Ü‚¹‚ñB


INSERT INTO users (email, user_name, password, old_password, secret_word) VALUES ('testuser1@hoge.jp', 'Error User6', 'ErrorUser123!', NULL, '')
                                                                                                                                             *
s1‚ÅƒGƒ‰[‚ª”­¶‚µ‚Ü‚µ‚½B:
ORA-01400: ("INFO"."USERS"."SECRET_WORD")‚É‚ÍNULL‚Í‘}“ü‚Å‚«‚Ü‚¹‚ñB



ƒRƒ~ƒbƒg‚ªŠ®—¹‚µ‚Ü‚µ‚½B

Oracle Database 19c Enterprise Edition Release 19.0.0.0.0 - Production
Version 19.3.0.0.0‚Æ‚ÌÚ‘±‚ªØ’f‚³‚ê‚Ü‚µ‚½B

SQL*Plus: Release 19.0.0.0.0 - Production on … 9Œ 25 09:48:47 2024
Version 19.3.0.0.0

Copyright (c) 1982, 2019, Oracle.  All rights reserved.

ÅI³íƒƒOƒCƒ“ŠÔ: … 9Œ  25 2024 09:48:46 +09:00


Oracle Database 19c Enterprise Edition Release 19.0.0.0.0 - Production
Version 19.3.0.0.0
‚ÉÚ‘±‚³‚ê‚Ü‚µ‚½B

1s‚ªì¬‚³‚ê‚Ü‚µ‚½B


1s‚ªì¬‚³‚ê‚Ü‚µ‚½B


1s‚ªì¬‚³‚ê‚Ü‚µ‚½B


1s‚ªì¬‚³‚ê‚Ü‚µ‚½B


1s‚ªì¬‚³‚ê‚Ü‚µ‚½B


1s‚ªì¬‚³‚ê‚Ü‚µ‚½B


1s‚ªì¬‚³‚ê‚Ü‚µ‚½B


1s‚ªì¬‚³‚ê‚Ü‚µ‚½B


1s‚ªì¬‚³‚ê‚Ü‚µ‚½B


1s‚ªì¬‚³‚ê‚Ü‚µ‚½B

INSERT INTO ticket (ticket_id, email, title, deadline, assigned_person, importance, progress, category) VALUES (null, 'ichiroutanaka@hoge.jp', 'ƒSƒ~o‚µ', TO_DATE('2024-10-03', 'YYYY-MM-DD'), 'ƒ}ƒ}', '’á', 0, '‰Æ–')
                                                                                                                *
s1‚ÅƒGƒ‰[‚ª”­¶‚µ‚Ü‚µ‚½B:
ORA-01400: ("INFO"."TICKET"."TICKET_ID")‚É‚ÍNULL‚Í‘}“ü‚Å‚«‚Ü‚¹‚ñB


INSERT INTO ticket (ticket_id, email, title, deadline, assigned_person, importance, progress, category) VALUES (11, 'NULL', 'ƒSƒ~o‚µ', TO_DATE('2024-10-03', 'YYYY-MM-DD'), 'ƒ}ƒ}', '’á', 0, '‰Æ–')
*
s1‚ÅƒGƒ‰[‚ª”­¶‚µ‚Ü‚µ‚½B:
ORA-02291: ®‡«§–ñ(INFO.FK_TICKET_USER)‚Éˆá”½‚µ‚Ü‚µ‚½ - eƒL[‚ª‚ ‚è‚Ü‚¹‚ñ


INSERT INTO ticket (ticket_id, email, title, deadline, assigned_person, importance, progress, category) VALUES (12, 'ss23304007@ga.ttc.ac.jp', 'ƒvƒƒWƒFƒNƒg‚Ì’ñˆÄ‘‚Ìì¬i’S“–ÒÄƒAƒTƒCƒ“‚Ì‰Â”\«‚ ‚è‚Ü‚·j', TO_DATE('2025-02-02', 'YYYY-MM-DD'), '“c’†', '‚', 0, 'ŒÚ‹q’²¸')
                                                                                                                                               *
s1‚ÅƒGƒ‰[‚ª”­¶‚µ‚Ü‚µ‚½B:
ORA-12899: —ñ"INFO"."TICKET"."TITLE"‚Ì’l‚ª‘å‚«‚·‚¬‚Ü‚·(ÀÛ: 62AÅ‘å: 60)


INSERT INTO ticket (ticket_id, email, title, deadline, assigned_person, importance, progress, category) VALUES (13, 'ss23304007@ga.ttc.ac.jp', 'ƒSƒ~o‚µ', TO_DATE('2024-10-03', 'YYYY-MM-DD'), 'ƒ}ƒ}', 'LOW', 0, '‰Æ–')
                                                                                                                                                                                                        *
s1‚ÅƒGƒ‰[‚ª”­¶‚µ‚Ü‚µ‚½B:
ORA-12899: —ñ"INFO"."TICKET"."IMPORTANCE"‚Ì’l‚ª‘å‚«‚·‚¬‚Ü‚·(ÀÛ: 3AÅ‘å: 2)


INSERT INTO ticket (ticket_id, email, title, deadline, assigned_person, importance, progress, category) VALUES (14, 'ss23304007@ga.ttc.ac.jp', 'ƒSƒ~o‚µ', TO_DATE('2024-10-03', 'YYYY-MM-DD'), 'ƒ}ƒ}', '’á', NULL, '‰Æ–')
                                                                                                                                                                                                              *
s1‚ÅƒGƒ‰[‚ª”­¶‚µ‚Ü‚µ‚½B:
ORA-01400: ("INFO"."TICKET"."PROGRESS")‚É‚ÍNULL‚Í‘}“ü‚Å‚«‚Ü‚¹‚ñB


INSERT INTO ticket (ticket_id, email, title, deadline, assigned_person, importance, progress, category) VALUES (1, 'ss23304007@ga.ttc.ac.jp', 'ƒSƒ~o‚µ', TO_DATE('2024-10-03', 'YYYY-MM-DD'), 'ƒ}ƒ}', '’á', 0, '‰Æ–')
*
s1‚ÅƒGƒ‰[‚ª”­¶‚µ‚Ü‚µ‚½B:
ORA-00001: ˆêˆÓ§–ñ(INFO.SYS_C008324)‚É”½‚µ‚Ä‚¢‚Ü‚·



ƒRƒ~ƒbƒg‚ªŠ®—¹‚µ‚Ü‚µ‚½B

Oracle Database 19c Enterprise Edition Release 19.0.0.0.0 - Production
Version 19.3.0.0.0‚Æ‚ÌÚ‘±‚ªØ’f‚³‚ê‚Ü‚µ‚½B

SQL*Plus: Release 19.0.0.0.0 - Production on ‹à 9Œ 27 10:05:10 2024
Version 19.3.0.0.0

Copyright (c) 1982, 2019, Oracle.  All rights reserved.

ÅI³íƒƒOƒCƒ“ŠÔ: ‹à 9Œ  27 2024 09:36:01 +09:00


Oracle Database 19c Enterprise Edition Release 19.0.0.0.0 - Production
Version 19.3.0.0.0
‚ÉÚ‘±‚³‚ê‚Ü‚µ‚½B

•\‚ªíœ‚³‚ê‚Ü‚µ‚½B


‡˜‚ªíœ‚³‚ê‚Ü‚µ‚½B

Oracle Database 19c Enterprise Edition Release 19.0.0.0.0 - Production
Version 19.3.0.0.0‚Æ‚ÌÚ‘±‚ªØ’f‚³‚ê‚Ü‚µ‚½B

SQL*Plus: Release 19.0.0.0.0 - Production on ‹à 9Œ 27 10:05:12 2024
Version 19.3.0.0.0

Copyright (c) 1982, 2019, Oracle.  All rights reserved.

ÅI³íƒƒOƒCƒ“ŠÔ: ‹à 9Œ  27 2024 10:05:11 +09:00


Oracle Database 19c Enterprise Edition Release 19.0.0.0.0 - Production
Version 19.3.0.0.0
‚ÉÚ‘±‚³‚ê‚Ü‚µ‚½B

•\‚ªíœ‚³‚ê‚Ü‚µ‚½B

drop sequence users_Sequence
              *
s1‚ÅƒGƒ‰[‚ª”­¶‚µ‚Ü‚µ‚½B:
ORA-02289: ‡˜‚ª‘¶İ‚µ‚Ü‚¹‚ñB


Oracle Database 19c Enterprise Edition Release 19.0.0.0.0 - Production
Version 19.3.0.0.0‚Æ‚ÌÚ‘±‚ªØ’f‚³‚ê‚Ü‚µ‚½B

SQL*Plus: Release 19.0.0.0.0 - Production on ‹à 9Œ 27 10:05:34 2024
Version 19.3.0.0.0

Copyright (c) 1982, 2019, Oracle.  All rights reserved.

ÅI³íƒƒOƒCƒ“ŠÔ: ‹à 9Œ  27 2024 10:05:13 +09:00


Oracle Database 19c Enterprise Edition Release 19.0.0.0.0 - Production
Version 19.3.0.0.0
‚ÉÚ‘±‚³‚ê‚Ü‚µ‚½B

•\‚ªì¬‚³‚ê‚Ü‚µ‚½B


ƒRƒ~ƒbƒg‚ªŠ®—¹‚µ‚Ü‚µ‚½B

Oracle Database 19c Enterprise Edition Release 19.0.0.0.0 - Production
Version 19.3.0.0.0‚Æ‚ÌÚ‘±‚ªØ’f‚³‚ê‚Ü‚µ‚½B

SQL*Plus: Release 19.0.0.0.0 - Production on ‹à 9Œ 27 10:05:35 2024
Version 19.3.0.0.0

Copyright (c) 1982, 2019, Oracle.  All rights reserved.

ÅI³íƒƒOƒCƒ“ŠÔ: ‹à 9Œ  27 2024 10:05:34 +09:00


Oracle Database 19c Enterprise Edition Release 19.0.0.0.0 - Production
Version 19.3.0.0.0
‚ÉÚ‘±‚³‚ê‚Ü‚µ‚½B

‡˜‚ªì¬‚³‚ê‚Ü‚µ‚½B


•\‚ªì¬‚³‚ê‚Ü‚µ‚½B


ƒRƒ~ƒbƒg‚ªŠ®—¹‚µ‚Ü‚µ‚½B

Oracle Database 19c Enterprise Edition Release 19.0.0.0.0 - Production
Version 19.3.0.0.0‚Æ‚ÌÚ‘±‚ªØ’f‚³‚ê‚Ü‚µ‚½B

SQL*Plus: Release 19.0.0.0.0 - Production on ‹à 9Œ 27 10:05:48 2024
Version 19.3.0.0.0

Copyright (c) 1982, 2019, Oracle.  All rights reserved.

ÅI³íƒƒOƒCƒ“ŠÔ: ‹à 9Œ  27 2024 10:05:35 +09:00


Oracle Database 19c Enterprise Edition Release 19.0.0.0.0 - Production
Version 19.3.0.0.0
‚ÉÚ‘±‚³‚ê‚Ü‚µ‚½B

1s‚ªì¬‚³‚ê‚Ü‚µ‚½B


1s‚ªì¬‚³‚ê‚Ü‚µ‚½B


1s‚ªì¬‚³‚ê‚Ü‚µ‚½B


1s‚ªì¬‚³‚ê‚Ü‚µ‚½B

INSERT INTO users (email, user_name, password, old_password, secret_word) VALUES ('testuser2@hoge.jp', 'Error User1', 'password123', NULL, 'ƒeƒXƒg')
*
s1‚ÅƒGƒ‰[‚ª”­¶‚µ‚Ü‚µ‚½B:
ORA-02290: ƒ`ƒFƒbƒN§–ñ(INFO.CK_USER_PASSWORD)‚Éˆá”½‚µ‚Ü‚µ‚½


INSERT INTO users (email, user_name, password, old_password, secret_word) VALUES ('testuser3@hoge.jp', 'Error User2', 'AAAAaaaa1111!', NULL, 'ƒeƒXƒg')
*
s1‚ÅƒGƒ‰[‚ª”­¶‚µ‚Ü‚µ‚½B:
ORA-02290: ƒ`ƒFƒbƒN§–ñ(INFO.CK_USER_PASSWORD)‚Éˆá”½‚µ‚Ü‚µ‚½


INSERT INTO users (email, user_name, password, old_password, secret_word) VALUES ('testuser4@hoge.jp', 'Error User3', 'Short1!', NULL, 'ƒeƒXƒg')
*
s1‚ÅƒGƒ‰[‚ª”­¶‚µ‚Ü‚µ‚½B:
ORA-02290: ƒ`ƒFƒbƒN§–ñ(INFO.CK_USER_PASSWORD)‚Éˆá”½‚µ‚Ü‚µ‚½


INSERT INTO users (email, user_name, password, old_password, secret_word) VALUES ('testuer5@hoge.jp', 'Error User4', '12345678', NULL, 'ƒeƒXƒg')
*
s1‚ÅƒGƒ‰[‚ª”­¶‚µ‚Ü‚µ‚½B:
ORA-02290: ƒ`ƒFƒbƒN§–ñ(INFO.CK_USER_PASSWORD)‚Éˆá”½‚µ‚Ü‚µ‚½


INSERT INTO users (email, user_name, password, old_password, secret_word) VALUES ('', 'Error User5', 'ErrorUser123!', NULL, 'ƒeƒXƒg')
                                                                                  *
s1‚ÅƒGƒ‰[‚ª”­¶‚µ‚Ü‚µ‚½B:
ORA-01400: ("INFO"."USERS"."EMAIL")‚É‚ÍNULL‚Í‘}“ü‚Å‚«‚Ü‚¹‚ñB


INSERT INTO users (email, user_name, password, old_password, secret_word) VALUES ('testuer6@hoge.jp', '', 'ErrorUser123!', NULL, 'ƒeƒXƒg')
                                                                                                      *
s1‚ÅƒGƒ‰[‚ª”­¶‚µ‚Ü‚µ‚½B:
ORA-01400: ("INFO"."USERS"."USER_NAME")‚É‚ÍNULL‚Í‘}“ü‚Å‚«‚Ü‚¹‚ñB


INSERT INTO users (email, user_name, password, old_password, secret_word) VALUES ('testuser7@hoge.jp', 'Error User6', 'ErrorUser123!', NULL, '')
                                                                                                                                             *
s1‚ÅƒGƒ‰[‚ª”­¶‚µ‚Ü‚µ‚½B:
ORA-01400: ("INFO"."USERS"."SECRET_WORD")‚É‚ÍNULL‚Í‘}“ü‚Å‚«‚Ü‚¹‚ñB


INSERT INTO users (email, user_name, password, old_password, secret_word) VALUES ('testuser1@hoge.jp', 'Error User6', 'ErrorUser123!', NULL, '')
                                                                                                                                             *
s1‚ÅƒGƒ‰[‚ª”­¶‚µ‚Ü‚µ‚½B:
ORA-01400: ("INFO"."USERS"."SECRET_WORD")‚É‚ÍNULL‚Í‘}“ü‚Å‚«‚Ü‚¹‚ñB



ƒRƒ~ƒbƒg‚ªŠ®—¹‚µ‚Ü‚µ‚½B

Oracle Database 19c Enterprise Edition Release 19.0.0.0.0 - Production
Version 19.3.0.0.0‚Æ‚ÌÚ‘±‚ªØ’f‚³‚ê‚Ü‚µ‚½B

SQL*Plus: Release 19.0.0.0.0 - Production on ‹à 9Œ 27 10:05:50 2024
Version 19.3.0.0.0

Copyright (c) 1982, 2019, Oracle.  All rights reserved.

ÅI³íƒƒOƒCƒ“ŠÔ: ‹à 9Œ  27 2024 10:05:48 +09:00


Oracle Database 19c Enterprise Edition Release 19.0.0.0.0 - Production
Version 19.3.0.0.0
‚ÉÚ‘±‚³‚ê‚Ü‚µ‚½B

1s‚ªì¬‚³‚ê‚Ü‚µ‚½B


1s‚ªì¬‚³‚ê‚Ü‚µ‚½B


1s‚ªì¬‚³‚ê‚Ü‚µ‚½B


1s‚ªì¬‚³‚ê‚Ü‚µ‚½B


1s‚ªì¬‚³‚ê‚Ü‚µ‚½B


1s‚ªì¬‚³‚ê‚Ü‚µ‚½B


1s‚ªì¬‚³‚ê‚Ü‚µ‚½B


1s‚ªì¬‚³‚ê‚Ü‚µ‚½B


1s‚ªì¬‚³‚ê‚Ü‚µ‚½B


1s‚ªì¬‚³‚ê‚Ü‚µ‚½B

INSERT INTO ticket (ticket_id, email, title, deadline, assigned_person, importance, progress, category) VALUES (null, 'ichiroutanaka@hoge.jp', 'ƒSƒ~o‚µ', TO_DATE('2024-10-03', 'YYYY-MM-DD'), 'ƒ}ƒ}', '’á', 0, '‰Æ–')
                                                                                                                *
s1‚ÅƒGƒ‰[‚ª”­¶‚µ‚Ü‚µ‚½B:
ORA-01400: ("INFO"."TICKET"."TICKET_ID")‚É‚ÍNULL‚Í‘}“ü‚Å‚«‚Ü‚¹‚ñB


INSERT INTO ticket (ticket_id, email, title, deadline, assigned_person, importance, progress, category) VALUES (11, 'NULL', 'ƒSƒ~o‚µ', TO_DATE('2024-10-03', 'YYYY-MM-DD'), 'ƒ}ƒ}', '’á', 0, '‰Æ–')
*
s1‚ÅƒGƒ‰[‚ª”­¶‚µ‚Ü‚µ‚½B:
ORA-02291: ®‡«§–ñ(INFO.FK_TICKET_USER)‚Éˆá”½‚µ‚Ü‚µ‚½ - eƒL[‚ª‚ ‚è‚Ü‚¹‚ñ


INSERT INTO ticket (ticket_id, email, title, deadline, assigned_person, importance, progress, category) VALUES (12, 'ss23304007@ga.ttc.ac.jp', 'ƒvƒƒWƒFƒNƒg‚Ì’ñˆÄ‘‚Ìì¬i’S“–ÒÄƒAƒTƒCƒ“‚Ì‰Â”\«‚ ‚è‚Ü‚·j', TO_DATE('2025-02-02', 'YYYY-MM-DD'), '“c’†', '‚', 0, 'ŒÚ‹q’²¸')
                                                                                                                                               *
s1‚ÅƒGƒ‰[‚ª”­¶‚µ‚Ü‚µ‚½B:
ORA-12899: —ñ"INFO"."TICKET"."TITLE"‚Ì’l‚ª‘å‚«‚·‚¬‚Ü‚·(ÀÛ: 62AÅ‘å: 60)


INSERT INTO ticket (ticket_id, email, title, deadline, assigned_person, importance, progress, category) VALUES (13, 'ss23304007@ga.ttc.ac.jp', 'ƒSƒ~o‚µ', TO_DATE('2024-10-03', 'YYYY-MM-DD'), 'ƒ}ƒ}', 'LOW', 0, '‰Æ–')
                                                                                                                                                                                                        *
s1‚ÅƒGƒ‰[‚ª”­¶‚µ‚Ü‚µ‚½B:
ORA-12899: —ñ"INFO"."TICKET"."IMPORTANCE"‚Ì’l‚ª‘å‚«‚·‚¬‚Ü‚·(ÀÛ: 3AÅ‘å: 2)


INSERT INTO ticket (ticket_id, email, title, deadline, assigned_person, importance, progress, category) VALUES (14, 'ss23304007@ga.ttc.ac.jp', 'ƒSƒ~o‚µ', TO_DATE('2024-10-03', 'YYYY-MM-DD'), 'ƒ}ƒ}', '’á', NULL, '‰Æ–')
                                                                                                                                                                                                              *
s1‚ÅƒGƒ‰[‚ª”­¶‚µ‚Ü‚µ‚½B:
ORA-01400: ("INFO"."TICKET"."PROGRESS")‚É‚ÍNULL‚Í‘}“ü‚Å‚«‚Ü‚¹‚ñB


INSERT INTO ticket (ticket_id, email, title, deadline, assigned_person, importance, progress, category) VALUES (1, 'ss23304007@ga.ttc.ac.jp', 'ƒSƒ~o‚µ', TO_DATE('2024-10-03', 'YYYY-MM-DD'), 'ƒ}ƒ}', '’á', 0, '‰Æ–')
*
s1‚ÅƒGƒ‰[‚ª”­¶‚µ‚Ü‚µ‚½B:
ORA-00001: ˆêˆÓ§–ñ(INFO.SYS_C008348)‚É”½‚µ‚Ä‚¢‚Ü‚·



ƒRƒ~ƒbƒg‚ªŠ®—¹‚µ‚Ü‚µ‚½B

Oracle Database 19c Enterprise Edition Release 19.0.0.0.0 - Production
Version 19.3.0.0.0‚Æ‚ÌÚ‘±‚ªØ’f‚³‚ê‚Ü‚µ‚½B

SQL*Plus: Release 19.0.0.0.0 - Production on ‹à 9Œ 27 10:11:19 2024
Version 19.3.0.0.0

Copyright (c) 1982, 2019, Oracle.  All rights reserved.

ÅI³íƒƒOƒCƒ“ŠÔ: ‹à 9Œ  27 2024 10:08:11 +09:00


Oracle Database 19c Enterprise Edition Release 19.0.0.0.0 - Production
Version 19.3.0.0.0
‚ÉÚ‘±‚³‚ê‚Ü‚µ‚½B

•\‚ªíœ‚³‚ê‚Ü‚µ‚½B


‡˜‚ªíœ‚³‚ê‚Ü‚µ‚½B

Oracle Database 19c Enterprise Edition Release 19.0.0.0.0 - Production
Version 19.3.0.0.0‚Æ‚ÌÚ‘±‚ªØ’f‚³‚ê‚Ü‚µ‚½B

SQL*Plus: Release 19.0.0.0.0 - Production on ‹à 9Œ 27 10:11:20 2024
Version 19.3.0.0.0

Copyright (c) 1982, 2019, Oracle.  All rights reserved.

ÅI³íƒƒOƒCƒ“ŠÔ: ‹à 9Œ  27 2024 10:11:19 +09:00


Oracle Database 19c Enterprise Edition Release 19.0.0.0.0 - Production
Version 19.3.0.0.0
‚ÉÚ‘±‚³‚ê‚Ü‚µ‚½B

•\‚ªíœ‚³‚ê‚Ü‚µ‚½B

drop sequence users_Sequence
              *
s1‚ÅƒGƒ‰[‚ª”­¶‚µ‚Ü‚µ‚½B:
ORA-02289: ‡˜‚ª‘¶İ‚µ‚Ü‚¹‚ñB


Oracle Database 19c Enterprise Edition Release 19.0.0.0.0 - Production
Version 19.3.0.0.0‚Æ‚ÌÚ‘±‚ªØ’f‚³‚ê‚Ü‚µ‚½B

SQL*Plus: Release 19.0.0.0.0 - Production on ‹à 9Œ 27 10:11:38 2024
Version 19.3.0.0.0

Copyright (c) 1982, 2019, Oracle.  All rights reserved.

ÅI³íƒƒOƒCƒ“ŠÔ: ‹à 9Œ  27 2024 10:11:21 +09:00


Oracle Database 19c Enterprise Edition Release 19.0.0.0.0 - Production
Version 19.3.0.0.0
‚ÉÚ‘±‚³‚ê‚Ü‚µ‚½B

•\‚ªì¬‚³‚ê‚Ü‚µ‚½B


ƒRƒ~ƒbƒg‚ªŠ®—¹‚µ‚Ü‚µ‚½B

Oracle Database 19c Enterprise Edition Release 19.0.0.0.0 - Production
Version 19.3.0.0.0‚Æ‚ÌÚ‘±‚ªØ’f‚³‚ê‚Ü‚µ‚½B

SQL*Plus: Release 19.0.0.0.0 - Production on ‹à 9Œ 27 10:11:39 2024
Version 19.3.0.0.0

Copyright (c) 1982, 2019, Oracle.  All rights reserved.

ÅI³íƒƒOƒCƒ“ŠÔ: ‹à 9Œ  27 2024 10:11:38 +09:00


Oracle Database 19c Enterprise Edition Release 19.0.0.0.0 - Production
Version 19.3.0.0.0
‚ÉÚ‘±‚³‚ê‚Ü‚µ‚½B

‡˜‚ªì¬‚³‚ê‚Ü‚µ‚½B

    importance VARCHAR2(10) NOT NULL CONSTRAINT CK_TICKET_IMPORTANCE CHECK (importance IN ('ä½', 'ä¸­', 'é«˜')),
                                                                                                  *
s7‚ÅƒGƒ‰[‚ª”­¶‚µ‚Ü‚µ‚½B:
ORA-00907: ‰EƒJƒbƒR‚ª‚ ‚è‚Ü‚¹‚ñB



ƒRƒ~ƒbƒg‚ªŠ®—¹‚µ‚Ü‚µ‚½B

Oracle Database 19c Enterprise Edition Release 19.0.0.0.0 - Production
Version 19.3.0.0.0‚Æ‚ÌÚ‘±‚ªØ’f‚³‚ê‚Ü‚µ‚½B

SQL*Plus: Release 19.0.0.0.0 - Production on ‹à 9Œ 27 10:11:45 2024
Version 19.3.0.0.0

Copyright (c) 1982, 2019, Oracle.  All rights reserved.

ÅI³íƒƒOƒCƒ“ŠÔ: ‹à 9Œ  27 2024 10:11:39 +09:00


Oracle Database 19c Enterprise Edition Release 19.0.0.0.0 - Production
Version 19.3.0.0.0
‚ÉÚ‘±‚³‚ê‚Ü‚µ‚½B

1s‚ªì¬‚³‚ê‚Ü‚µ‚½B


1s‚ªì¬‚³‚ê‚Ü‚µ‚½B


1s‚ªì¬‚³‚ê‚Ü‚µ‚½B


1s‚ªì¬‚³‚ê‚Ü‚µ‚½B

INSERT INTO users (email, user_name, password, old_password, secret_word) VALUES ('testuser2@hoge.jp', 'Error User1', 'password123', NULL, 'ƒeƒXƒg')
*
s1‚ÅƒGƒ‰[‚ª”­¶‚µ‚Ü‚µ‚½B:
ORA-02290: ƒ`ƒFƒbƒN§–ñ(INFO.CK_USER_PASSWORD)‚Éˆá”½‚µ‚Ü‚µ‚½


INSERT INTO users (email, user_name, password, old_password, secret_word) VALUES ('testuser3@hoge.jp', 'Error User2', 'AAAAaaaa1111!', NULL, 'ƒeƒXƒg')
*
s1‚ÅƒGƒ‰[‚ª”­¶‚µ‚Ü‚µ‚½B:
ORA-02290: ƒ`ƒFƒbƒN§–ñ(INFO.CK_USER_PASSWORD)‚Éˆá”½‚µ‚Ü‚µ‚½


INSERT INTO users (email, user_name, password, old_password, secret_word) VALUES ('testuser4@hoge.jp', 'Error User3', 'Short1!', NULL, 'ƒeƒXƒg')
*
s1‚ÅƒGƒ‰[‚ª”­¶‚µ‚Ü‚µ‚½B:
ORA-02290: ƒ`ƒFƒbƒN§–ñ(INFO.CK_USER_PASSWORD)‚Éˆá”½‚µ‚Ü‚µ‚½


INSERT INTO users (email, user_name, password, old_password, secret_word) VALUES ('testuer5@hoge.jp', 'Error User4', '12345678', NULL, 'ƒeƒXƒg')
*
s1‚ÅƒGƒ‰[‚ª”­¶‚µ‚Ü‚µ‚½B:
ORA-02290: ƒ`ƒFƒbƒN§–ñ(INFO.CK_USER_PASSWORD)‚Éˆá”½‚µ‚Ü‚µ‚½


INSERT INTO users (email, user_name, password, old_password, secret_word) VALUES ('', 'Error User5', 'ErrorUser123!', NULL, 'ƒeƒXƒg')
                                                                                  *
s1‚ÅƒGƒ‰[‚ª”­¶‚µ‚Ü‚µ‚½B:
ORA-01400: ("INFO"."USERS"."EMAIL")‚É‚ÍNULL‚Í‘}“ü‚Å‚«‚Ü‚¹‚ñB


INSERT INTO users (email, user_name, password, old_password, secret_word) VALUES ('testuer6@hoge.jp', '', 'ErrorUser123!', NULL, 'ƒeƒXƒg')
                                                                                                      *
s1‚ÅƒGƒ‰[‚ª”­¶‚µ‚Ü‚µ‚½B:
ORA-01400: ("INFO"."USERS"."USER_NAME")‚É‚ÍNULL‚Í‘}“ü‚Å‚«‚Ü‚¹‚ñB


INSERT INTO users (email, user_name, password, old_password, secret_word) VALUES ('testuser7@hoge.jp', 'Error User6', 'ErrorUser123!', NULL, '')
                                                                                                                                             *
s1‚ÅƒGƒ‰[‚ª”­¶‚µ‚Ü‚µ‚½B:
ORA-01400: ("INFO"."USERS"."SECRET_WORD")‚É‚ÍNULL‚Í‘}“ü‚Å‚«‚Ü‚¹‚ñB


INSERT INTO users (email, user_name, password, old_password, secret_word) VALUES ('testuser1@hoge.jp', 'Error User6', 'ErrorUser123!', NULL, '')
                                                                                                                                             *
s1‚ÅƒGƒ‰[‚ª”­¶‚µ‚Ü‚µ‚½B:
ORA-01400: ("INFO"."USERS"."SECRET_WORD")‚É‚ÍNULL‚Í‘}“ü‚Å‚«‚Ü‚¹‚ñB



ƒRƒ~ƒbƒg‚ªŠ®—¹‚µ‚Ü‚µ‚½B

Oracle Database 19c Enterprise Edition Release 19.0.0.0.0 - Production
Version 19.3.0.0.0‚Æ‚ÌÚ‘±‚ªØ’f‚³‚ê‚Ü‚µ‚½B

SQL*Plus: Release 19.0.0.0.0 - Production on ‹à 9Œ 27 10:11:46 2024
Version 19.3.0.0.0

Copyright (c) 1982, 2019, Oracle.  All rights reserved.

ÅI³íƒƒOƒCƒ“ŠÔ: ‹à 9Œ  27 2024 10:11:45 +09:00


Oracle Database 19c Enterprise Edition Release 19.0.0.0.0 - Production
Version 19.3.0.0.0
‚ÉÚ‘±‚³‚ê‚Ü‚µ‚½B
INSERT INTO ticket (ticket_id, email, title, deadline, assigned_person, importance, progress, category) VALUES (ticket_sequence.NEXTVAL, 'ss23304007@ga.ttc.ac.jp', '‹c‘è‚Ìƒ`ƒFƒbƒNƒŠƒXƒgì¬', TO_DATE('2024-09-10', 'YYYY-MM-DD'), 'âV“¡', '’á', 100, '•¶Íì¬')
            *
s1‚ÅƒGƒ‰[‚ª”­¶‚µ‚Ü‚µ‚½B:
ORA-00942: •\‚Ü‚½‚Íƒrƒ…[‚ª‘¶İ‚µ‚Ü‚¹‚ñB


INSERT INTO ticket (ticket_id, email, title, deadline, assigned_person, importance, progress, category) VALUES (ticket_sequence.NEXTVAL, 'ss23304007@ga.ttc.ac.jp', 'ƒ~[ƒeƒBƒ“ƒO‚Ì‹c‘è®—', TO_DATE('2024-11-02', 'YYYY-MM-DD'), '“c‹v•Û', '’†', 50, '‰ï‹c€”õ')
            *
s1‚ÅƒGƒ‰[‚ª”­¶‚µ‚Ü‚µ‚½B:
ORA-00942: •\‚Ü‚½‚Íƒrƒ…[‚ª‘¶İ‚µ‚Ü‚¹‚ñB


INSERT INTO ticket (ticket_id, email, title, deadline, assigned_person, importance, progress, category) VALUES (ticket_sequence.NEXTVAL, 'ss23304007@ga.ttc.ac.jp', 'ƒvƒƒWƒFƒNƒg‚Ì’ñˆÄ‘‚Ìì¬i’S“–ÒÄƒAƒTƒCƒ“‚Ì‰Â”\«‚ ‚èBj', TO_DATE('2025-02-02', 'YYYY-MM-DD'), '“c’†', '‚', 0, 'ŒÚ‹q’²¸')
            *
s1‚ÅƒGƒ‰[‚ª”­¶‚µ‚Ü‚µ‚½B:
ORA-00942: •\‚Ü‚½‚Íƒrƒ…[‚ª‘¶İ‚µ‚Ü‚¹‚ñB


INSERT INTO ticket (ticket_id, email, title, deadline, assigned_person, importance, progress, category) VALUES (ticket_sequence.NEXTVAL, 'ss23304007@ga.ttc.ac.jp', 'TŸ‹Æ–±', TO_DATE('2024-11-08', 'YYYY-MM-DD'), '“c‹v•Û', '’†', 0, '’è—á‹Æ–±')
            *
s1‚ÅƒGƒ‰[‚ª”­¶‚µ‚Ü‚µ‚½B:
ORA-00942: •\‚Ü‚½‚Íƒrƒ…[‚ª‘¶İ‚µ‚Ü‚¹‚ñB


INSERT INTO ticket (ticket_id, email, title, deadline, assigned_person, importance, progress, category) VALUES (ticket_sequence.NEXTVAL, 'ss23304007@ga.ttc.ac.jp', 'TŸ’è—á‰ï‹c', TO_DATE('2024-11-08', 'YYYY-MM-DD'), 'ƒƒ“ƒo', '’†', 0, '‰ï‹c')
            *
s1‚ÅƒGƒ‰[‚ª”­¶‚µ‚Ü‚µ‚½B:
ORA-00942: •\‚Ü‚½‚Íƒrƒ…[‚ª‘¶İ‚µ‚Ü‚¹‚ñB


INSERT INTO ticket (ticket_id, email, title, deadline, assigned_person, importance, progress, category) VALUES (ticket_sequence.NEXTVAL, 'mt23304012@ga.ttc.ac.jp', 'TŸ’è—á‰ï‹c', TO_DATE('2024-11-08', 'YYYY-MM-DD'), 'ƒƒ“ƒo', '’†', 0, '‰ï‹c')
            *
s1‚ÅƒGƒ‰[‚ª”­¶‚µ‚Ü‚µ‚½B:
ORA-00942: •\‚Ü‚½‚Íƒrƒ…[‚ª‘¶İ‚µ‚Ü‚¹‚ñB


INSERT INTO ticket (ticket_id, email, title, deadline, assigned_person, importance, progress, category) VALUES (ticket_sequence.NEXTVAL, 'mt23304012@ga.ttc.ac.jp', 'Unit Test', TO_DATE('2024-11-09', 'YYYY-MM-DD'), 'âV“¡', '‚', 0, 'ƒeƒXƒg')
            *
s1‚ÅƒGƒ‰[‚ª”­¶‚µ‚Ü‚µ‚½B:
ORA-00942: •\‚Ü‚½‚Íƒrƒ…[‚ª‘¶İ‚µ‚Ü‚¹‚ñB


INSERT INTO ticket (ticket_id, email, title, deadline, assigned_person, importance, progress, category) VALUES (ticket_sequence.NEXTVAL, 'mt23304012@ga.ttc.ac.jp', 'ƒVƒXƒeƒ€’²¸', TO_DATE('2026-10-02', 'YYYY-MM-DD'), NULL, '’á', 0, NULL)
            *
s1‚ÅƒGƒ‰[‚ª”­¶‚µ‚Ü‚µ‚½B:
ORA-00942: •\‚Ü‚½‚Íƒrƒ…[‚ª‘¶İ‚µ‚Ü‚¹‚ñB


INSERT INTO ticket (ticket_id, email, title, deadline, assigned_person, importance, progress, category) VALUES (ticket_sequence.NEXTVAL, 'ichiroutanaka@hoge.jp', '—[”Ñ‚Ì‚¨‚Â‚©‚¢', TO_DATE('2024-10-02', 'YYYY-MM-DD'), 'ƒpƒp', '’á', 50, NULL)
            *
s1‚ÅƒGƒ‰[‚ª”­¶‚µ‚Ü‚µ‚½B:
ORA-00942: •\‚Ü‚½‚Íƒrƒ…[‚ª‘¶İ‚µ‚Ü‚¹‚ñB


INSERT INTO ticket (ticket_id, email, title, deadline, assigned_person, importance, progress, category) VALUES (ticket_sequence.NEXTVAL, 'ichiroutanaka@hoge.jp', 'ƒSƒ~o‚µ', TO_DATE('2024-10-03', 'YYYY-MM-DD'), 'ƒ}ƒ}', '’á', 0, '‰Æ–')
            *
s1‚ÅƒGƒ‰[‚ª”­¶‚µ‚Ü‚µ‚½B:
ORA-00942: •\‚Ü‚½‚Íƒrƒ…[‚ª‘¶İ‚µ‚Ü‚¹‚ñB


INSERT INTO ticket (ticket_id, email, title, deadline, assigned_person, importance, progress, category) VALUES (null, 'ichiroutanaka@hoge.jp', 'ƒSƒ~o‚µ', TO_DATE('2024-10-03', 'YYYY-MM-DD'), 'ƒ}ƒ}', '’á', 0, '‰Æ–')
            *
s1‚ÅƒGƒ‰[‚ª”­¶‚µ‚Ü‚µ‚½B:
ORA-00942: •\‚Ü‚½‚Íƒrƒ…[‚ª‘¶İ‚µ‚Ü‚¹‚ñB


INSERT INTO ticket (ticket_id, email, title, deadline, assigned_person, importance, progress, category) VALUES (11, 'NULL', 'ƒSƒ~o‚µ', TO_DATE('2024-10-03', 'YYYY-MM-DD'), 'ƒ}ƒ}', '’á', 0, '‰Æ–')
            *
s1‚ÅƒGƒ‰[‚ª”­¶‚µ‚Ü‚µ‚½B:
ORA-00942: •\‚Ü‚½‚Íƒrƒ…[‚ª‘¶İ‚µ‚Ü‚¹‚ñB


INSERT INTO ticket (ticket_id, email, title, deadline, assigned_person, importance, progress, category) VALUES (12, 'ss23304007@ga.ttc.ac.jp', 'ƒvƒƒWƒFƒNƒg‚Ì’ñˆÄ‘‚Ìì¬i’S“–ÒÄƒAƒTƒCƒ“‚Ì‰Â”\«‚ ‚è‚Ü‚·j', TO_DATE('2025-02-02', 'YYYY-MM-DD'), '“c’†', '‚', 0, 'ŒÚ‹q’²¸')
            *
s1‚ÅƒGƒ‰[‚ª”­¶‚µ‚Ü‚µ‚½B:
ORA-00942: •\‚Ü‚½‚Íƒrƒ…[‚ª‘¶İ‚µ‚Ü‚¹‚ñB


INSERT INTO ticket (ticket_id, email, title, deadline, assigned_person, importance, progress, category) VALUES (13, 'ss23304007@ga.ttc.ac.jp', 'ƒSƒ~o‚µ', TO_DATE('2024-10-03', 'YYYY-MM-DD'), 'ƒ}ƒ}', 'LOW', 0, '‰Æ–')
            *
s1‚ÅƒGƒ‰[‚ª”­¶‚µ‚Ü‚µ‚½B:
ORA-00942: •\‚Ü‚½‚Íƒrƒ…[‚ª‘¶İ‚µ‚Ü‚¹‚ñB


INSERT INTO ticket (ticket_id, email, title, deadline, assigned_person, importance, progress, category) VALUES (14, 'ss23304007@ga.ttc.ac.jp', 'ƒSƒ~o‚µ', TO_DATE('2024-10-03', 'YYYY-MM-DD'), 'ƒ}ƒ}', '’á', NULL, '‰Æ–')
            *
s1‚ÅƒGƒ‰[‚ª”­¶‚µ‚Ü‚µ‚½B:
ORA-00942: •\‚Ü‚½‚Íƒrƒ…[‚ª‘¶İ‚µ‚Ü‚¹‚ñB


INSERT INTO ticket (ticket_id, email, title, deadline, assigned_person, importance, progress, category) VALUES (1, 'ss23304007@ga.ttc.ac.jp', 'ƒSƒ~o‚µ', TO_DATE('2024-10-03', 'YYYY-MM-DD'), 'ƒ}ƒ}', '’á', 0, '‰Æ–')
            *
s1‚ÅƒGƒ‰[‚ª”­¶‚µ‚Ü‚µ‚½B:
ORA-00942: •\‚Ü‚½‚Íƒrƒ…[‚ª‘¶İ‚µ‚Ü‚¹‚ñB



ƒRƒ~ƒbƒg‚ªŠ®—¹‚µ‚Ü‚µ‚½B

Oracle Database 19c Enterprise Edition Release 19.0.0.0.0 - Production
Version 19.3.0.0.0‚Æ‚ÌÚ‘±‚ªØ’f‚³‚ê‚Ü‚µ‚½B

SQL*Plus: Release 19.0.0.0.0 - Production on ‹à 9Œ 27 10:14:06 2024
Version 19.3.0.0.0

Copyright (c) 1982, 2019, Oracle.  All rights reserved.

ÅI³íƒƒOƒCƒ“ŠÔ: ‹à 9Œ  27 2024 10:13:15 +09:00


Oracle Database 19c Enterprise Edition Release 19.0.0.0.0 - Production
Version 19.3.0.0.0
‚ÉÚ‘±‚³‚ê‚Ü‚µ‚½B
CREATE TABLE USERS (
             *
s1‚ÅƒGƒ‰[‚ª”­¶‚µ‚Ü‚µ‚½B:
ORA-00955: ‚·‚Å‚Ég—p‚³‚ê‚Ä‚¢‚éƒIƒuƒWƒFƒNƒg–¼‚Å‚·B



ƒRƒ~ƒbƒg‚ªŠ®—¹‚µ‚Ü‚µ‚½B

Oracle Database 19c Enterprise Edition Release 19.0.0.0.0 - Production
Version 19.3.0.0.0‚Æ‚ÌÚ‘±‚ªØ’f‚³‚ê‚Ü‚µ‚½B

SQL*Plus: Release 19.0.0.0.0 - Production on ‹à 9Œ 27 10:14:08 2024
Version 19.3.0.0.0

Copyright (c) 1982, 2019, Oracle.  All rights reserved.

ÅI³íƒƒOƒCƒ“ŠÔ: ‹à 9Œ  27 2024 10:14:06 +09:00


Oracle Database 19c Enterprise Edition Release 19.0.0.0.0 - Production
Version 19.3.0.0.0
‚ÉÚ‘±‚³‚ê‚Ü‚µ‚½B
CREATE SEQUENCE TICKET_Sequence
                *
s1‚ÅƒGƒ‰[‚ª”­¶‚µ‚Ü‚µ‚½B:
ORA-00955: ‚·‚Å‚Ég—p‚³‚ê‚Ä‚¢‚éƒIƒuƒWƒFƒNƒg–¼‚Å‚·B



•\‚ªì¬‚³‚ê‚Ü‚µ‚½B


ƒRƒ~ƒbƒg‚ªŠ®—¹‚µ‚Ü‚µ‚½B

Oracle Database 19c Enterprise Edition Release 19.0.0.0.0 - Production
Version 19.3.0.0.0‚Æ‚ÌÚ‘±‚ªØ’f‚³‚ê‚Ü‚µ‚½B

SQL*Plus: Release 19.0.0.0.0 - Production on ‹à 9Œ 27 10:14:14 2024
Version 19.3.0.0.0

Copyright (c) 1982, 2019, Oracle.  All rights reserved.

ÅI³íƒƒOƒCƒ“ŠÔ: ‹à 9Œ  27 2024 10:14:08 +09:00


Oracle Database 19c Enterprise Edition Release 19.0.0.0.0 - Production
Version 19.3.0.0.0
‚ÉÚ‘±‚³‚ê‚Ü‚µ‚½B
INSERT INTO users (email, user_name, password, old_password, secret_word) VALUES ('ss23304007@ga.ttc.ac.jp', 'âV“¡ ‘nŒÈ', 'Abc12345&!', 'NewAbc123!', 'v‚¢o')
*
s1‚ÅƒGƒ‰[‚ª”­¶‚µ‚Ü‚µ‚½B:
ORA-00001: ˆêˆÓ§–ñ(INFO.SYS_C008354)‚É”½‚µ‚Ä‚¢‚Ü‚·


INSERT INTO users (email, user_name, password, old_password, secret_word) VALUES ('mt23304012@ga.ttc.ac.jp', '“c‹v•Û ‰ë–ç', 'Xy7890&@', 'Xy8901@&', '–¢—ˆ‚Ì–²')
*
s1‚ÅƒGƒ‰[‚ª”­¶‚µ‚Ü‚µ‚½B:
ORA-00001: ˆêˆÓ§–ñ(INFO.SYS_C008354)‚É”½‚µ‚Ä‚¢‚Ü‚·


INSERT INTO users (email, user_name, password, old_password, secret_word) VALUES ('ichiroutanaka@hoge.jp', '“c’† ˆê˜Y', 'StrongP@ssw0rd1', 'WeakP@ssw0rd1', '‰Æ‘°')
*
s1‚ÅƒGƒ‰[‚ª”­¶‚µ‚Ü‚µ‚½B:
ORA-00001: ˆêˆÓ§–ñ(INFO.SYS_C008354)‚É”½‚µ‚Ä‚¢‚Ü‚·


INSERT INTO users (email, user_name, password, old_password, secret_word) VALUES ('testuser1@hoge.jp', 'Test User', 'TestUser123!', NULL, 'ƒeƒXƒg')
*
s1‚ÅƒGƒ‰[‚ª”­¶‚µ‚Ü‚µ‚½B:
ORA-00001: ˆêˆÓ§–ñ(INFO.SYS_C008354)‚É”½‚µ‚Ä‚¢‚Ü‚·


INSERT INTO users (email, user_name, password, old_password, secret_word) VALUES ('testuser2@hoge.jp', 'Error User1', 'password123', NULL, 'ƒeƒXƒg')
*
s1‚ÅƒGƒ‰[‚ª”­¶‚µ‚Ü‚µ‚½B:
ORA-02290: ƒ`ƒFƒbƒN§–ñ(INFO.CK_USER_PASSWORD)‚Éˆá”½‚µ‚Ü‚µ‚½


INSERT INTO users (email, user_name, password, old_password, secret_word) VALUES ('testuser3@hoge.jp', 'Error User2', 'AAAAaaaa1111!', NULL, 'ƒeƒXƒg')
*
s1‚ÅƒGƒ‰[‚ª”­¶‚µ‚Ü‚µ‚½B:
ORA-02290: ƒ`ƒFƒbƒN§–ñ(INFO.CK_USER_PASSWORD)‚Éˆá”½‚µ‚Ü‚µ‚½


INSERT INTO users (email, user_name, password, old_password, secret_word) VALUES ('testuser4@hoge.jp', 'Error User3', 'Short1!', NULL, 'ƒeƒXƒg')
*
s1‚ÅƒGƒ‰[‚ª”­¶‚µ‚Ü‚µ‚½B:
ORA-02290: ƒ`ƒFƒbƒN§–ñ(INFO.CK_USER_PASSWORD)‚Éˆá”½‚µ‚Ü‚µ‚½


INSERT INTO users (email, user_name, password, old_password, secret_word) VALUES ('testuer5@hoge.jp', 'Error User4', '12345678', NULL, 'ƒeƒXƒg')
*
s1‚ÅƒGƒ‰[‚ª”­¶‚µ‚Ü‚µ‚½B:
ORA-02290: ƒ`ƒFƒbƒN§–ñ(INFO.CK_USER_PASSWORD)‚Éˆá”½‚µ‚Ü‚µ‚½


INSERT INTO users (email, user_name, password, old_password, secret_word) VALUES ('', 'Error User5', 'ErrorUser123!', NULL, 'ƒeƒXƒg')
                                                                                  *
s1‚ÅƒGƒ‰[‚ª”­¶‚µ‚Ü‚µ‚½B:
ORA-01400: ("INFO"."USERS"."EMAIL")‚É‚ÍNULL‚Í‘}“ü‚Å‚«‚Ü‚¹‚ñB


INSERT INTO users (email, user_name, password, old_password, secret_word) VALUES ('testuer6@hoge.jp', '', 'ErrorUser123!', NULL, 'ƒeƒXƒg')
                                                                                                      *
s1‚ÅƒGƒ‰[‚ª”­¶‚µ‚Ü‚µ‚½B:
ORA-01400: ("INFO"."USERS"."USER_NAME")‚É‚ÍNULL‚Í‘}“ü‚Å‚«‚Ü‚¹‚ñB


INSERT INTO users (email, user_name, password, old_password, secret_word) VALUES ('testuser7@hoge.jp', 'Error User6', 'ErrorUser123!', NULL, '')
                                                                                                                                             *
s1‚ÅƒGƒ‰[‚ª”­¶‚µ‚Ü‚µ‚½B:
ORA-01400: ("INFO"."USERS"."SECRET_WORD")‚É‚ÍNULL‚Í‘}“ü‚Å‚«‚Ü‚¹‚ñB


INSERT INTO users (email, user_name, password, old_password, secret_word) VALUES ('testuser1@hoge.jp', 'Error User6', 'ErrorUser123!', NULL, '')
                                                                                                                                             *
s1‚ÅƒGƒ‰[‚ª”­¶‚µ‚Ü‚µ‚½B:
ORA-01400: ("INFO"."USERS"."SECRET_WORD")‚É‚ÍNULL‚Í‘}“ü‚Å‚«‚Ü‚¹‚ñB



ƒRƒ~ƒbƒg‚ªŠ®—¹‚µ‚Ü‚µ‚½B

Oracle Database 19c Enterprise Edition Release 19.0.0.0.0 - Production
Version 19.3.0.0.0‚Æ‚ÌÚ‘±‚ªØ’f‚³‚ê‚Ü‚µ‚½B

SQL*Plus: Release 19.0.0.0.0 - Production on ‹à 9Œ 27 10:14:15 2024
Version 19.3.0.0.0

Copyright (c) 1982, 2019, Oracle.  All rights reserved.

ÅI³íƒƒOƒCƒ“ŠÔ: ‹à 9Œ  27 2024 10:14:14 +09:00


Oracle Database 19c Enterprise Edition Release 19.0.0.0.0 - Production
Version 19.3.0.0.0
‚ÉÚ‘±‚³‚ê‚Ü‚µ‚½B

1s‚ªì¬‚³‚ê‚Ü‚µ‚½B


1s‚ªì¬‚³‚ê‚Ü‚µ‚½B


1s‚ªì¬‚³‚ê‚Ü‚µ‚½B


1s‚ªì¬‚³‚ê‚Ü‚µ‚½B


1s‚ªì¬‚³‚ê‚Ü‚µ‚½B


1s‚ªì¬‚³‚ê‚Ü‚µ‚½B


1s‚ªì¬‚³‚ê‚Ü‚µ‚½B


1s‚ªì¬‚³‚ê‚Ü‚µ‚½B


1s‚ªì¬‚³‚ê‚Ü‚µ‚½B


1s‚ªì¬‚³‚ê‚Ü‚µ‚½B

INSERT INTO ticket (ticket_id, email, title, deadline, assigned_person, importance, progress, category) VALUES (null, 'ichiroutanaka@hoge.jp', 'ƒSƒ~o‚µ', TO_DATE('2024-10-03', 'YYYY-MM-DD'), 'ƒ}ƒ}', '’á', 0, '‰Æ–')
                                                                                                                *
s1‚ÅƒGƒ‰[‚ª”­¶‚µ‚Ü‚µ‚½B:
ORA-01400: ("INFO"."TICKET"."TICKET_ID")‚É‚ÍNULL‚Í‘}“ü‚Å‚«‚Ü‚¹‚ñB


INSERT INTO ticket (ticket_id, email, title, deadline, assigned_person, importance, progress, category) VALUES (11, 'NULL', 'ƒSƒ~o‚µ', TO_DATE('2024-10-03', 'YYYY-MM-DD'), 'ƒ}ƒ}', '’á', 0, '‰Æ–')
*
s1‚ÅƒGƒ‰[‚ª”­¶‚µ‚Ü‚µ‚½B:
ORA-02291: ®‡«§–ñ(INFO.FK_TICKET_USER)‚Éˆá”½‚µ‚Ü‚µ‚½ - eƒL[‚ª‚ ‚è‚Ü‚¹‚ñ


INSERT INTO ticket (ticket_id, email, title, deadline, assigned_person, importance, progress, category) VALUES (12, 'ss23304007@ga.ttc.ac.jp', 'ƒvƒƒWƒFƒNƒg‚Ì’ñˆÄ‘‚Ìì¬i’S“–ÒÄƒAƒTƒCƒ“‚Ì‰Â”\«‚ ‚è‚Ü‚·j', TO_DATE('2025-02-02', 'YYYY-MM-DD'), '“c’†', '‚', 0, 'ŒÚ‹q’²¸')
                                                                                                                                               *
s1‚ÅƒGƒ‰[‚ª”­¶‚µ‚Ü‚µ‚½B:
ORA-12899: —ñ"INFO"."TICKET"."TITLE"‚Ì’l‚ª‘å‚«‚·‚¬‚Ü‚·(ÀÛ: 62AÅ‘å: 60)


INSERT INTO ticket (ticket_id, email, title, deadline, assigned_person, importance, progress, category) VALUES (13, 'ss23304007@ga.ttc.ac.jp', 'ƒSƒ~o‚µ', TO_DATE('2024-10-03', 'YYYY-MM-DD'), 'ƒ}ƒ}', 'LOW', 0, '‰Æ–')
*
s1‚ÅƒGƒ‰[‚ª”­¶‚µ‚Ü‚µ‚½B:
ORA-02290: ƒ`ƒFƒbƒN§–ñ(INFO.CK_TICKET_IMPORTANCE)‚Éˆá”½‚µ‚Ü‚µ‚½


INSERT INTO ticket (ticket_id, email, title, deadline, assigned_person, importance, progress, category) VALUES (14, 'ss23304007@ga.ttc.ac.jp', 'ƒSƒ~o‚µ', TO_DATE('2024-10-03', 'YYYY-MM-DD'), 'ƒ}ƒ}', '’á', NULL, '‰Æ–')
                                                                                                                                                                                                              *
s1‚ÅƒGƒ‰[‚ª”­¶‚µ‚Ü‚µ‚½B:
ORA-01400: ("INFO"."TICKET"."PROGRESS")‚É‚ÍNULL‚Í‘}“ü‚Å‚«‚Ü‚¹‚ñB


INSERT INTO ticket (ticket_id, email, title, deadline, assigned_person, importance, progress, category) VALUES (1, 'ss23304007@ga.ttc.ac.jp', 'ƒSƒ~o‚µ', TO_DATE('2024-10-03', 'YYYY-MM-DD'), 'ƒ}ƒ}', '’á', 0, '‰Æ–')
*
s1‚ÅƒGƒ‰[‚ª”­¶‚µ‚Ü‚µ‚½B:
ORA-00001: ˆêˆÓ§–ñ(INFO.SYS_C008362)‚É”½‚µ‚Ä‚¢‚Ü‚·



ƒRƒ~ƒbƒg‚ªŠ®—¹‚µ‚Ü‚µ‚½B

Oracle Database 19c Enterprise Edition Release 19.0.0.0.0 - Production
Version 19.3.0.0.0‚Æ‚ÌÚ‘±‚ªØ’f‚³‚ê‚Ü‚µ‚½B

SQL*Plus: Release 19.0.0.0.0 - Production on ‹à 9Œ 27 10:39:42 2024
Version 19.3.0.0.0

Copyright (c) 1982, 2019, Oracle.  All rights reserved.

ÅI³íƒƒOƒCƒ“ŠÔ: ‹à 9Œ  27 2024 10:25:40 +09:00


Oracle Database 19c Enterprise Edition Release 19.0.0.0.0 - Production
Version 19.3.0.0.0
‚ÉÚ‘±‚³‚ê‚Ü‚µ‚½B

•\‚ªíœ‚³‚ê‚Ü‚µ‚½B


‡˜‚ªíœ‚³‚ê‚Ü‚µ‚½B

Oracle Database 19c Enterprise Edition Release 19.0.0.0.0 - Production
Version 19.3.0.0.0‚Æ‚ÌÚ‘±‚ªØ’f‚³‚ê‚Ü‚µ‚½B

SQL*Plus: Release 19.0.0.0.0 - Production on ‹à 9Œ 27 10:39:44 2024
Version 19.3.0.0.0

Copyright (c) 1982, 2019, Oracle.  All rights reserved.

ÅI³íƒƒOƒCƒ“ŠÔ: ‹à 9Œ  27 2024 10:39:42 +09:00


Oracle Database 19c Enterprise Edition Release 19.0.0.0.0 - Production
Version 19.3.0.0.0
‚ÉÚ‘±‚³‚ê‚Ü‚µ‚½B

•\‚ªíœ‚³‚ê‚Ü‚µ‚½B

drop sequence users_Sequence
              *
s1‚ÅƒGƒ‰[‚ª”­¶‚µ‚Ü‚µ‚½B:
ORA-02289: ‡˜‚ª‘¶İ‚µ‚Ü‚¹‚ñB


Oracle Database 19c Enterprise Edition Release 19.0.0.0.0 - Production
Version 19.3.0.0.0‚Æ‚ÌÚ‘±‚ªØ’f‚³‚ê‚Ü‚µ‚½B

SQL*Plus: Release 19.0.0.0.0 - Production on ‹à 9Œ 27 10:40:10 2024
Version 19.3.0.0.0

Copyright (c) 1982, 2019, Oracle.  All rights reserved.

ÅI³íƒƒOƒCƒ“ŠÔ: ‹à 9Œ  27 2024 10:39:44 +09:00


Oracle Database 19c Enterprise Edition Release 19.0.0.0.0 - Production
Version 19.3.0.0.0
‚ÉÚ‘±‚³‚ê‚Ü‚µ‚½B

•\‚ªì¬‚³‚ê‚Ü‚µ‚½B


ƒRƒ~ƒbƒg‚ªŠ®—¹‚µ‚Ü‚µ‚½B

Oracle Database 19c Enterprise Edition Release 19.0.0.0.0 - Production
Version 19.3.0.0.0‚Æ‚ÌÚ‘±‚ªØ’f‚³‚ê‚Ü‚µ‚½B

SQL*Plus: Release 19.0.0.0.0 - Production on ‹à 9Œ 27 10:40:12 2024
Version 19.3.0.0.0

Copyright (c) 1982, 2019, Oracle.  All rights reserved.

ÅI³íƒƒOƒCƒ“ŠÔ: ‹à 9Œ  27 2024 10:40:11 +09:00


Oracle Database 19c Enterprise Edition Release 19.0.0.0.0 - Production
Version 19.3.0.0.0
‚ÉÚ‘±‚³‚ê‚Ü‚µ‚½B

‡˜‚ªì¬‚³‚ê‚Ü‚µ‚½B

    importance VARCHAR2(10) NOT NULL CONSTRAINT CK_TICKET_IMPORTANCE CHECK (importance IN ('ä½', 'ä¸­', 'é«˜')),
                                                                                                  *
s7‚ÅƒGƒ‰[‚ª”­¶‚µ‚Ü‚µ‚½B:
ORA-00907: ‰EƒJƒbƒR‚ª‚ ‚è‚Ü‚¹‚ñB



ƒRƒ~ƒbƒg‚ªŠ®—¹‚µ‚Ü‚µ‚½B

Oracle Database 19c Enterprise Edition Release 19.0.0.0.0 - Production
Version 19.3.0.0.0‚Æ‚ÌÚ‘±‚ªØ’f‚³‚ê‚Ü‚µ‚½B

SQL*Plus: Release 19.0.0.0.0 - Production on ‹à 9Œ 27 10:40:19 2024
Version 19.3.0.0.0

Copyright (c) 1982, 2019, Oracle.  All rights reserved.

ÅI³íƒƒOƒCƒ“ŠÔ: ‹à 9Œ  27 2024 10:40:12 +09:00


Oracle Database 19c Enterprise Edition Release 19.0.0.0.0 - Production
Version 19.3.0.0.0
‚ÉÚ‘±‚³‚ê‚Ü‚µ‚½B

1s‚ªì¬‚³‚ê‚Ü‚µ‚½B

ERROR:
ORA-01756: ˆø—p•„•t‚«•¶š—ñ‚ª³‚µ‚­I—¹‚µ‚Ä‚¢‚Ü‚¹‚ñ


INSERT INTO users (email, user_name, password, old_password, secret_word) VALUES ('ichiroutanaka@hoge.jp', 'ç”°ä¸­ ä¸€éƒ', 'StrongP@ssw0rd1', 'WeakP@ssw0rd1', 'å®¶æ—')
                                                                                                                            *
s1‚ÅƒGƒ‰[‚ª”­¶‚µ‚Ü‚µ‚½B:
ORA-00917: ƒJƒ“ƒ}‚ª‚ ‚è‚Ü‚¹‚ñB


ERROR:
ORA-01756: ˆø—p•„•t‚«•¶š—ñ‚ª³‚µ‚­I—¹‚µ‚Ä‚¢‚Ü‚¹‚ñ


ERROR:
ORA-01756: ˆø—p•„•t‚«•¶š—ñ‚ª³‚µ‚­I—¹‚µ‚Ä‚¢‚Ü‚¹‚ñ


ERROR:
ORA-01756: ˆø—p•„•t‚«•¶š—ñ‚ª³‚µ‚­I—¹‚µ‚Ä‚¢‚Ü‚¹‚ñ


ERROR:
ORA-01756: ˆø—p•„•t‚«•¶š—ñ‚ª³‚µ‚­I—¹‚µ‚Ä‚¢‚Ü‚¹‚ñ


ERROR:
ORA-01756: ˆø—p•„•t‚«•¶š—ñ‚ª³‚µ‚­I—¹‚µ‚Ä‚¢‚Ü‚¹‚ñ


ERROR:
ORA-01756: ˆø—p•„•t‚«•¶š—ñ‚ª³‚µ‚­I—¹‚µ‚Ä‚¢‚Ü‚¹‚ñ


ERROR:
ORA-01756: ˆø—p•„•t‚«•¶š—ñ‚ª³‚µ‚­I—¹‚µ‚Ä‚¢‚Ü‚¹‚ñ


INSERT INTO users (email, user_name, password, old_password, secret_word) VALUES ('testuser7@hoge.jp', 'Error User6', 'ErrorUser123!', NULL, '')
                                                                                                                                             *
s1‚ÅƒGƒ‰[‚ª”­¶‚µ‚Ü‚µ‚½B:
ORA-01400: ("INFO"."USERS"."SECRET_WORD")‚É‚ÍNULL‚Í‘}“ü‚Å‚«‚Ü‚¹‚ñB


INSERT INTO users (email, user_name, password, old_password, secret_word) VALUES ('testuser1@hoge.jp', 'Error User6', 'ErrorUser123!', NULL, '')
                                                                                                                                             *
s1‚ÅƒGƒ‰[‚ª”­¶‚µ‚Ü‚µ‚½B:
ORA-01400: ("INFO"."USERS"."SECRET_WORD")‚É‚ÍNULL‚Í‘}“ü‚Å‚«‚Ü‚¹‚ñB



ƒRƒ~ƒbƒg‚ªŠ®—¹‚µ‚Ü‚µ‚½B

Oracle Database 19c Enterprise Edition Release 19.0.0.0.0 - Production
Version 19.3.0.0.0‚Æ‚ÌÚ‘±‚ªØ’f‚³‚ê‚Ü‚µ‚½B

SQL*Plus: Release 19.0.0.0.0 - Production on ‹à 9Œ 27 10:40:20 2024
Version 19.3.0.0.0

Copyright (c) 1982, 2019, Oracle.  All rights reserved.

ÅI³íƒƒOƒCƒ“ŠÔ: ‹à 9Œ  27 2024 10:40:19 +09:00


Oracle Database 19c Enterprise Edition Release 19.0.0.0.0 - Production
Version 19.3.0.0.0
‚ÉÚ‘±‚³‚ê‚Ü‚µ‚½B
ERROR:
ORA-01756: ˆø—p•„•t‚«•¶š—ñ‚ª³‚µ‚­I—¹‚µ‚Ä‚¢‚Ü‚¹‚ñ


ERROR:
ORA-01756: ˆø—p•„•t‚«•¶š—ñ‚ª³‚µ‚­I—¹‚µ‚Ä‚¢‚Ü‚¹‚ñ


INSERT INTO ticket (ticket_id, email, title, deadline, assigned_person, importance, progress, category) VALUES (ticket_sequence.NEXTVAL, 'ss23304007@ga.ttc.ac.jp', 'ãƒ—ãƒ­ã‚¸ã‚§ã‚¯ãƒˆã®ææ¡ˆæ›¸ã®ä½œæˆï¼ˆæ‹…å½“è€…å†ã‚¢ã‚µã‚¤ãƒ³ã®å¯èƒ½æ€§ã‚ã‚Šã€‚ï¼‰', TO_DATE('2025-02-02', 'YYYY-MM-DD'), 'ç”°ä¸­', 'é«˜', 0, 'é¡§å®¢èª¿æŸ»')
                                                                                                                                                                                                                                                                          *
s1‚ÅƒGƒ‰[‚ª”­¶‚µ‚Ü‚µ‚½B:
ORA-00917: ƒJƒ“ƒ}‚ª‚ ‚è‚Ü‚¹‚ñB


ERROR:
ORA-01756: ˆø—p•„•t‚«•¶š—ñ‚ª³‚µ‚­I—¹‚µ‚Ä‚¢‚Ü‚¹‚ñ


ERROR:
ORA-01756: ˆø—p•„•t‚«•¶š—ñ‚ª³‚µ‚­I—¹‚µ‚Ä‚¢‚Ü‚¹‚ñ


ERROR:
ORA-01756: ˆø—p•„•t‚«•¶š—ñ‚ª³‚µ‚­I—¹‚µ‚Ä‚¢‚Ü‚¹‚ñ


INSERT INTO ticket (ticket_id, email, title, deadline, assigned_person, importance, progress, category) VALUES (ticket_sequence.NEXTVAL, 'mt23304012@ga.ttc.ac.jp', 'Unit Test', TO_DATE('2024-11-09', 'YYYY-MM-DD'), 'é½‹è—¤', 'é«˜', 0, 'ãƒ†ã‚¹ãƒˆ')
                                                                                                                                                                                                                                          *
s1‚ÅƒGƒ‰[‚ª”­¶‚µ‚Ü‚µ‚½B:
ORA-00917: ƒJƒ“ƒ}‚ª‚ ‚è‚Ü‚¹‚ñB


ERROR:
ORA-01756: ˆø—p•„•t‚«•¶š—ñ‚ª³‚µ‚­I—¹‚µ‚Ä‚¢‚Ü‚¹‚ñ


ERROR:
ORA-01756: ˆø—p•„•t‚«•¶š—ñ‚ª³‚µ‚­I—¹‚µ‚Ä‚¢‚Ü‚¹‚ñ


ERROR:
ORA-01756: ˆø—p•„•t‚«•¶š—ñ‚ª³‚µ‚­I—¹‚µ‚Ä‚¢‚Ü‚¹‚ñ


ERROR:
ORA-01756: ˆø—p•„•t‚«•¶š—ñ‚ª³‚µ‚­I—¹‚µ‚Ä‚¢‚Ü‚¹‚ñ


ERROR:
ORA-01756: ˆø—p•„•t‚«•¶š—ñ‚ª³‚µ‚­I—¹‚µ‚Ä‚¢‚Ü‚¹‚ñ


INSERT INTO ticket (ticket_id, email, title, deadline, assigned_person, importance, progress, category) VALUES (12, 'ss23304007@ga.ttc.ac.jp', 'ãƒ—ãƒ­ã‚¸ã‚§ã‚¯ãƒˆã®ææ¡ˆæ›¸ã®ä½œæˆï¼ˆæ‹…å½“è€…å†ã‚¢ã‚µã‚¤ãƒ³ã®å¯èƒ½æ€§ã‚ã‚Šã¾ã™ï¼‰', TO_DATE('2025-02-02', 'YYYY-MM-DD'), 'ç”°ä¸­', 'é«˜', 0, 'é¡§å®¢èª¿æŸ»')
                                                                                                                                                                                                                                                        *
s1‚ÅƒGƒ‰[‚ª”­¶‚µ‚Ü‚µ‚½B:
ORA-00917: ƒJƒ“ƒ}‚ª‚ ‚è‚Ü‚¹‚ñB


INSERT INTO ticket (ticket_id, email, title, deadline, assigned_person, importance, progress, category) VALUES (13, 'ss23304007@ga.ttc.ac.jp', 'ã‚´ãƒŸå‡ºã—', TO_DATE('2024-10-03', 'YYYY-MM-DD'), 'ãƒãƒ', 'LOW', 0, 'å®¶äº‹')
                                                                                                                                                                      *
s1‚ÅƒGƒ‰[‚ª”­¶‚µ‚Ü‚µ‚½B:
ORA-00917: ƒJƒ“ƒ}‚ª‚ ‚è‚Ü‚¹‚ñB


ERROR:
ORA-01756: ˆø—p•„•t‚«•¶š—ñ‚ª³‚µ‚­I—¹‚µ‚Ä‚¢‚Ü‚¹‚ñ


ERROR:
ORA-01756: ˆø—p•„•t‚«•¶š—ñ‚ª³‚µ‚­I—¹‚µ‚Ä‚¢‚Ü‚¹‚ñ



ƒRƒ~ƒbƒg‚ªŠ®—¹‚µ‚Ü‚µ‚½B

Oracle Database 19c Enterprise Edition Release 19.0.0.0.0 - Production
Version 19.3.0.0.0‚Æ‚ÌÚ‘±‚ªØ’f‚³‚ê‚Ü‚µ‚½B

SQL*Plus: Release 19.0.0.0.0 - Production on é‡‘ 9æœˆ 27 10:44:57 2024
Version 19.3.0.0.0

Copyright (c) 1982, 2019, Oracle.  All rights reserved.

æœ€çµ‚æ­£å¸¸ãƒ­ã‚°ã‚¤ãƒ³æ™‚é–“: é‡‘ 9æœˆ  27 2024 10:40:21 +09:00


Oracle Database 19c Enterprise Edition Release 19.0.0.0.0 - Production
Version 19.3.0.0.0
ã«æ¥ç¶šã•ã‚Œã¾ã—ãŸã€‚
drop table ticket
           *
è¡Œ1ã§ã‚¨ãƒ©ãƒ¼ãŒç™ºç”Ÿã—ã¾ã—ãŸã€‚:
ORA-00942: è¡¨ã¾ãŸã¯ãƒ“ãƒ¥ãƒ¼ãŒå­˜åœ¨ã—ã¾ã›ã‚“ã€‚



é †åºãŒå‰Šé™¤ã•ã‚Œã¾ã—ãŸã€‚

Oracle Database 19c Enterprise Edition Release 19.0.0.0.0 - Production
Version 19.3.0.0.0ã¨ã®æ¥ç¶šãŒåˆ‡æ–­ã•ã‚Œã¾ã—ãŸã€‚

SQL*Plus: Release 19.0.0.0.0 - Production on é‡‘ 9æœˆ 27 10:44:58 2024
Version 19.3.0.0.0

Copyright (c) 1982, 2019, Oracle.  All rights reserved.

æœ€çµ‚æ­£å¸¸ãƒ­ã‚°ã‚¤ãƒ³æ™‚é–“: é‡‘ 9æœˆ  27 2024 10:44:57 +09:00


Oracle Database 19c Enterprise Edition Release 19.0.0.0.0 - Production
Version 19.3.0.0.0
ã«æ¥ç¶šã•ã‚Œã¾ã—ãŸã€‚

è¡¨ãŒå‰Šé™¤ã•ã‚Œã¾ã—ãŸã€‚

drop sequence users_Sequence
              *
è¡Œ1ã§ã‚¨ãƒ©ãƒ¼ãŒç™ºç”Ÿã—ã¾ã—ãŸã€‚:
ORA-02289: é †åºãŒå­˜åœ¨ã—ã¾ã›ã‚“ã€‚


Oracle Database 19c Enterprise Edition Release 19.0.0.0.0 - Production
Version 19.3.0.0.0ã¨ã®æ¥ç¶šãŒåˆ‡æ–­ã•ã‚Œã¾ã—ãŸã€‚

SQL*Plus: Release 19.0.0.0.0 - Production on é‡‘ 9æœˆ 27 10:45:07 2024
Version 19.3.0.0.0

Copyright (c) 1982, 2019, Oracle.  All rights reserved.

æœ€çµ‚æ­£å¸¸ãƒ­ã‚°ã‚¤ãƒ³æ™‚é–“: é‡‘ 9æœˆ  27 2024 10:44:58 +09:00


Oracle Database 19c Enterprise Edition Release 19.0.0.0.0 - Production
Version 19.3.0.0.0
ã«æ¥ç¶šã•ã‚Œã¾ã—ãŸã€‚

è¡¨ãŒä½œæˆã•ã‚Œã¾ã—ãŸã€‚


ã‚³ãƒŸãƒƒãƒˆãŒå®Œäº†ã—ã¾ã—ãŸã€‚

Oracle Database 19c Enterprise Edition Release 19.0.0.0.0 - Production
Version 19.3.0.0.0ã¨ã®æ¥ç¶šãŒåˆ‡æ–­ã•ã‚Œã¾ã—ãŸã€‚

SQL*Plus: Release 19.0.0.0.0 - Production on é‡‘ 9æœˆ 27 10:45:09 2024
Version 19.3.0.0.0

Copyright (c) 1982, 2019, Oracle.  All rights reserved.

æœ€çµ‚æ­£å¸¸ãƒ­ã‚°ã‚¤ãƒ³æ™‚é–“: é‡‘ 9æœˆ  27 2024 10:45:07 +09:00


Oracle Database 19c Enterprise Edition Release 19.0.0.0.0 - Production
Version 19.3.0.0.0
ã«æ¥ç¶šã•ã‚Œã¾ã—ãŸã€‚

é †åºãŒä½œæˆã•ã‚Œã¾ã—ãŸã€‚


è¡¨ãŒä½œæˆã•ã‚Œã¾ã—ãŸã€‚


ã‚³ãƒŸãƒƒãƒˆãŒå®Œäº†ã—ã¾ã—ãŸã€‚

Oracle Database 19c Enterprise Edition Release 19.0.0.0.0 - Production
Version 19.3.0.0.0ã¨ã®æ¥ç¶šãŒåˆ‡æ–­ã•ã‚Œã¾ã—ãŸã€‚

SQL*Plus: Release 19.0.0.0.0 - Production on é‡‘ 9æœˆ 27 10:45:17 2024
Version 19.3.0.0.0

Copyright (c) 1982, 2019, Oracle.  All rights reserved.

æœ€çµ‚æ­£å¸¸ãƒ­ã‚°ã‚¤ãƒ³æ™‚é–“: é‡‘ 9æœˆ  27 2024 10:45:09 +09:00


Oracle Database 19c Enterprise Edition Release 19.0.0.0.0 - Production
Version 19.3.0.0.0
ã«æ¥ç¶šã•ã‚Œã¾ã—ãŸã€‚

1è¡ŒãŒä½œæˆã•ã‚Œã¾ã—ãŸã€‚


1è¡ŒãŒä½œæˆã•ã‚Œã¾ã—ãŸã€‚


1è¡ŒãŒä½œæˆã•ã‚Œã¾ã—ãŸã€‚


1è¡ŒãŒä½œæˆã•ã‚Œã¾ã—ãŸã€‚

INSERT INTO users (email, user_name, password, old_password, secret_word) VALUES ('testuser2@hoge.jp', 'Error User1', 'password123', NULL, 'ãƒ†ã‚¹ãƒˆ')
*
è¡Œ1ã§ã‚¨ãƒ©ãƒ¼ãŒç™ºç”Ÿã—ã¾ã—ãŸã€‚:
ORA-02290: ãƒã‚§ãƒƒã‚¯åˆ¶ç´„(INFO.CK_USER_PASSWORD)ã«é•åã—ã¾ã—ãŸ


INSERT INTO users (email, user_name, password, old_password, secret_word) VALUES ('testuser3@hoge.jp', 'Error User2', 'AAAAaaaa1111!', NULL, 'ãƒ†ã‚¹ãƒˆ')
*
è¡Œ1ã§ã‚¨ãƒ©ãƒ¼ãŒç™ºç”Ÿã—ã¾ã—ãŸã€‚:
ORA-02290: ãƒã‚§ãƒƒã‚¯åˆ¶ç´„(INFO.CK_USER_PASSWORD)ã«é•åã—ã¾ã—ãŸ


INSERT INTO users (email, user_name, password, old_password, secret_word) VALUES ('testuser4@hoge.jp', 'Error User3', 'Short1!', NULL, 'ãƒ†ã‚¹ãƒˆ')
*
è¡Œ1ã§ã‚¨ãƒ©ãƒ¼ãŒç™ºç”Ÿã—ã¾ã—ãŸã€‚:
ORA-02290: ãƒã‚§ãƒƒã‚¯åˆ¶ç´„(INFO.CK_USER_PASSWORD)ã«é•åã—ã¾ã—ãŸ


INSERT INTO users (email, user_name, password, old_password, secret_word) VALUES ('testuer5@hoge.jp', 'Error User4', '12345678', NULL, 'ãƒ†ã‚¹ãƒˆ')
*
è¡Œ1ã§ã‚¨ãƒ©ãƒ¼ãŒç™ºç”Ÿã—ã¾ã—ãŸã€‚:
ORA-02290: ãƒã‚§ãƒƒã‚¯åˆ¶ç´„(INFO.CK_USER_PASSWORD)ã«é•åã—ã¾ã—ãŸ


INSERT INTO users (email, user_name, password, old_password, secret_word) VALUES ('', 'Error User5', 'ErrorUser123!', NULL, 'ãƒ†ã‚¹ãƒˆ')
                                                                                  *
è¡Œ1ã§ã‚¨ãƒ©ãƒ¼ãŒç™ºç”Ÿã—ã¾ã—ãŸã€‚:
ORA-01400: ("INFO"."USERS"."EMAIL")ã«ã¯NULLã¯æŒ¿å…¥ã§ãã¾ã›ã‚“ã€‚


INSERT INTO users (email, user_name, password, old_password, secret_word) VALUES ('testuer6@hoge.jp', '', 'ErrorUser123!', NULL, 'ãƒ†ã‚¹ãƒˆ')
                                                                                                      *
è¡Œ1ã§ã‚¨ãƒ©ãƒ¼ãŒç™ºç”Ÿã—ã¾ã—ãŸã€‚:
ORA-01400: ("INFO"."USERS"."USER_NAME")ã«ã¯NULLã¯æŒ¿å…¥ã§ãã¾ã›ã‚“ã€‚


INSERT INTO users (email, user_name, password, old_password, secret_word) VALUES ('testuser7@hoge.jp', 'Error User6', 'ErrorUser123!', NULL, '')
                                                                                                                                             *
è¡Œ1ã§ã‚¨ãƒ©ãƒ¼ãŒç™ºç”Ÿã—ã¾ã—ãŸã€‚:
ORA-01400: ("INFO"."USERS"."SECRET_WORD")ã«ã¯NULLã¯æŒ¿å…¥ã§ãã¾ã›ã‚“ã€‚


INSERT INTO users (email, user_name, password, old_password, secret_word) VALUES ('testuser1@hoge.jp', 'Error User6', 'ErrorUser123!', NULL, '')
                                                                                                                                             *
è¡Œ1ã§ã‚¨ãƒ©ãƒ¼ãŒç™ºç”Ÿã—ã¾ã—ãŸã€‚:
ORA-01400: ("INFO"."USERS"."SECRET_WORD")ã«ã¯NULLã¯æŒ¿å…¥ã§ãã¾ã›ã‚“ã€‚



ã‚³ãƒŸãƒƒãƒˆãŒå®Œäº†ã—ã¾ã—ãŸã€‚

Oracle Database 19c Enterprise Edition Release 19.0.0.0.0 - Production
Version 19.3.0.0.0ã¨ã®æ¥ç¶šãŒåˆ‡æ–­ã•ã‚Œã¾ã—ãŸã€‚

SQL*Plus: Release 19.0.0.0.0 - Production on é‡‘ 9æœˆ 27 10:45:18 2024
Version 19.3.0.0.0

Copyright (c) 1982, 2019, Oracle.  All rights reserved.

æœ€çµ‚æ­£å¸¸ãƒ­ã‚°ã‚¤ãƒ³æ™‚é–“: é‡‘ 9æœˆ  27 2024 10:45:17 +09:00


Oracle Database 19c Enterprise Edition Release 19.0.0.0.0 - Production
Version 19.3.0.0.0
ã«æ¥ç¶šã•ã‚Œã¾ã—ãŸã€‚

1è¡ŒãŒä½œæˆã•ã‚Œã¾ã—ãŸã€‚


1è¡ŒãŒä½œæˆã•ã‚Œã¾ã—ãŸã€‚


1è¡ŒãŒä½œæˆã•ã‚Œã¾ã—ãŸã€‚


1è¡ŒãŒä½œæˆã•ã‚Œã¾ã—ãŸã€‚


1è¡ŒãŒä½œæˆã•ã‚Œã¾ã—ãŸã€‚


1è¡ŒãŒä½œæˆã•ã‚Œã¾ã—ãŸã€‚


1è¡ŒãŒä½œæˆã•ã‚Œã¾ã—ãŸã€‚


1è¡ŒãŒä½œæˆã•ã‚Œã¾ã—ãŸã€‚


1è¡ŒãŒä½œæˆã•ã‚Œã¾ã—ãŸã€‚


1è¡ŒãŒä½œæˆã•ã‚Œã¾ã—ãŸã€‚

INSERT INTO ticket (ticket_id, email, title, deadline, assigned_person, importance, progress, category) VALUES (null, 'ichiroutanaka@hoge.jp', 'ã‚´ãƒŸå‡ºã—', TO_DATE('2024-10-03', 'YYYY-MM-DD'), 'ãƒãƒ', 'ä½', 0, 'å®¶äº‹')
                                                                                                                *
è¡Œ1ã§ã‚¨ãƒ©ãƒ¼ãŒç™ºç”Ÿã—ã¾ã—ãŸã€‚:
ORA-01400: ("INFO"."TICKET"."TICKET_ID")ã«ã¯NULLã¯æŒ¿å…¥ã§ãã¾ã›ã‚“ã€‚


INSERT INTO ticket (ticket_id, email, title, deadline, assigned_person, importance, progress, category) VALUES (11, 'NULL', 'ã‚´ãƒŸå‡ºã—', TO_DATE('2024-10-03', 'YYYY-MM-DD'), 'ãƒãƒ', 'ä½', 0, 'å®¶äº‹')
*
è¡Œ1ã§ã‚¨ãƒ©ãƒ¼ãŒç™ºç”Ÿã—ã¾ã—ãŸã€‚:
ORA-02291: æ•´åˆæ€§åˆ¶ç´„(INFO.FK_TICKET_USER)ã«é•åã—ã¾ã—ãŸ - è¦ªã‚­ãƒ¼ãŒã‚ã‚Šã¾ã›ã‚“


INSERT INTO ticket (ticket_id, email, title, deadline, assigned_person, importance, progress, category) VALUES (12, 'ss23304007@ga.ttc.ac.jp', 'ãƒ—ãƒ­ã‚¸ã‚§ã‚¯ãƒˆã®ææ¡ˆæ›¸ã®ä½œæˆï¼ˆæ‹…å½“è€…å†ã‚¢ã‚µã‚¤ãƒ³ã®å¯èƒ½æ€§ã‚ã‚Šã¾ã™ï¼‰', TO_DATE('2025-02-02', 'YYYY-MM-DD'), 'ç”°ä¸­', 'é«˜', 0, 'é¡§å®¢èª¿æŸ»')
                                                                                                                                               *
è¡Œ1ã§ã‚¨ãƒ©ãƒ¼ãŒç™ºç”Ÿã—ã¾ã—ãŸã€‚:
ORA-12899: åˆ—"INFO"."TICKET"."TITLE"ã®å€¤ãŒå¤§ãã™ãã¾ã™(å®Ÿéš›: 62ã€æœ€å¤§: 60)


INSERT INTO ticket (ticket_id, email, title, deadline, assigned_person, importance, progress, category) VALUES (13, 'ss23304007@ga.ttc.ac.jp', 'ã‚´ãƒŸå‡ºã—', TO_DATE('2024-10-03', 'YYYY-MM-DD'), 'ãƒãƒ', 'LOW', 0, 'å®¶äº‹')
*
è¡Œ1ã§ã‚¨ãƒ©ãƒ¼ãŒç™ºç”Ÿã—ã¾ã—ãŸã€‚:
ORA-02290: ãƒã‚§ãƒƒã‚¯åˆ¶ç´„(INFO.CK_TICKET_IMPORTANCE)ã«é•åã—ã¾ã—ãŸ


INSERT INTO ticket (ticket_id, email, title, deadline, assigned_person, importance, progress, category) VALUES (14, 'ss23304007@ga.ttc.ac.jp', 'ã‚´ãƒŸå‡ºã—', TO_DATE('2024-10-03', 'YYYY-MM-DD'), 'ãƒãƒ', 'ä½', NULL, 'å®¶äº‹')
                                                                                                                                                                                                        *
è¡Œ1ã§ã‚¨ãƒ©ãƒ¼ãŒç™ºç”Ÿã—ã¾ã—ãŸã€‚:
ORA-01400: ("INFO"."TICKET"."PROGRESS")ã«ã¯NULLã¯æŒ¿å…¥ã§ãã¾ã›ã‚“ã€‚


INSERT INTO ticket (ticket_id, email, title, deadline, assigned_person, importance, progress, category) VALUES (1, 'ss23304007@ga.ttc.ac.jp', 'ã‚´ãƒŸå‡ºã—', TO_DATE('2024-10-03', 'YYYY-MM-DD'), 'ãƒãƒ', 'ä½', 0, 'å®¶äº‹')
*
è¡Œ1ã§ã‚¨ãƒ©ãƒ¼ãŒç™ºç”Ÿã—ã¾ã—ãŸã€‚:
ORA-00001: ä¸€æ„åˆ¶ç´„(INFO.SYS_C008381)ã«åã—ã¦ã„ã¾ã™



ã‚³ãƒŸãƒƒãƒˆãŒå®Œäº†ã—ã¾ã—ãŸã€‚

Oracle Database 19c Enterprise Edition Release 19.0.0.0.0 - Production
Version 19.3.0.0.0ã¨ã®æ¥ç¶šãŒåˆ‡æ–­ã•ã‚Œã¾ã—ãŸã€‚

SQL*Plus: Release 19.0.0.0.0 - Production on é‡‘ 10æœˆ 18 10:18:27 2024
Version 19.3.0.0.0

Copyright (c) 1982, 2019, Oracle.  All rights reserved.

æœ€çµ‚æ­£å¸¸ãƒ­ã‚°ã‚¤ãƒ³æ™‚é–“: é‡‘ 10æœˆ 18 2024 01:54:40 +09:00


Oracle Database 19c Enterprise Edition Release 19.0.0.0.0 - Production
Version 19.3.0.0.0
ã«æ¥ç¶šã•ã‚Œã¾ã—ãŸã€‚
CREATE TABLE USERS (
             *
è¡Œ1ã§ã‚¨ãƒ©ãƒ¼ãŒç™ºç”Ÿã—ã¾ã—ãŸã€‚:
ORA-00955: ã™ã§ã«ä½¿ç”¨ã•ã‚Œã¦ã„ã‚‹ã‚ªãƒ–ã‚¸ã‚§ã‚¯ãƒˆåã§ã™ã€‚



ã‚³ãƒŸãƒƒãƒˆãŒå®Œäº†ã—ã¾ã—ãŸã€‚

Oracle Database 19c Enterprise Edition Release 19.0.0.0.0 - Production
Version 19.3.0.0.0ã¨ã®æ¥ç¶šãŒåˆ‡æ–­ã•ã‚Œã¾ã—ãŸã€‚

SQL*Plus: Release 19.0.0.0.0 - Production on é‡‘ 10æœˆ 18 10:18:28 2024
Version 19.3.0.0.0

Copyright (c) 1982, 2019, Oracle.  All rights reserved.

æœ€çµ‚æ­£å¸¸ãƒ­ã‚°ã‚¤ãƒ³æ™‚é–“: é‡‘ 10æœˆ 18 2024 10:18:27 +09:00


Oracle Database 19c Enterprise Edition Release 19.0.0.0.0 - Production
Version 19.3.0.0.0
ã«æ¥ç¶šã•ã‚Œã¾ã—ãŸã€‚
CREATE SEQUENCE TICKET_Sequence
                *
è¡Œ1ã§ã‚¨ãƒ©ãƒ¼ãŒç™ºç”Ÿã—ã¾ã—ãŸã€‚:
ORA-00955: ã™ã§ã«ä½¿ç”¨ã•ã‚Œã¦ã„ã‚‹ã‚ªãƒ–ã‚¸ã‚§ã‚¯ãƒˆåã§ã™ã€‚


CREATE TABLE TICKET (
             *
è¡Œ1ã§ã‚¨ãƒ©ãƒ¼ãŒç™ºç”Ÿã—ã¾ã—ãŸã€‚:
ORA-00955: ã™ã§ã«ä½¿ç”¨ã•ã‚Œã¦ã„ã‚‹ã‚ªãƒ–ã‚¸ã‚§ã‚¯ãƒˆåã§ã™ã€‚



ã‚³ãƒŸãƒƒãƒˆãŒå®Œäº†ã—ã¾ã—ãŸã€‚

Oracle Database 19c Enterprise Edition Release 19.0.0.0.0 - Production
Version 19.3.0.0.0ã¨ã®æ¥ç¶šãŒåˆ‡æ–­ã•ã‚Œã¾ã—ãŸã€‚

SQL*Plus: Release 19.0.0.0.0 - Production on é‡‘ 10æœˆ 18 10:18:37 2024
Version 19.3.0.0.0

Copyright (c) 1982, 2019, Oracle.  All rights reserved.

æœ€çµ‚æ­£å¸¸ãƒ­ã‚°ã‚¤ãƒ³æ™‚é–“: é‡‘ 10æœˆ 18 2024 10:18:29 +09:00


Oracle Database 19c Enterprise Edition Release 19.0.0.0.0 - Production
Version 19.3.0.0.0
ã«æ¥ç¶šã•ã‚Œã¾ã—ãŸã€‚

è¡¨ãŒå‰Šé™¤ã•ã‚Œã¾ã—ãŸã€‚


é †åºãŒå‰Šé™¤ã•ã‚Œã¾ã—ãŸã€‚

Oracle Database 19c Enterprise Edition Release 19.0.0.0.0 - Production
Version 19.3.0.0.0ã¨ã®æ¥ç¶šãŒåˆ‡æ–­ã•ã‚Œã¾ã—ãŸã€‚

SQL*Plus: Release 19.0.0.0.0 - Production on é‡‘ 10æœˆ 18 10:18:39 2024
Version 19.3.0.0.0

Copyright (c) 1982, 2019, Oracle.  All rights reserved.

æœ€çµ‚æ­£å¸¸ãƒ­ã‚°ã‚¤ãƒ³æ™‚é–“: é‡‘ 10æœˆ 18 2024 10:18:38 +09:00


Oracle Database 19c Enterprise Edition Release 19.0.0.0.0 - Production
Version 19.3.0.0.0
ã«æ¥ç¶šã•ã‚Œã¾ã—ãŸã€‚

è¡¨ãŒå‰Šé™¤ã•ã‚Œã¾ã—ãŸã€‚

drop sequence users_Sequence
              *
è¡Œ1ã§ã‚¨ãƒ©ãƒ¼ãŒç™ºç”Ÿã—ã¾ã—ãŸã€‚:
ORA-02289: é †åºãŒå­˜åœ¨ã—ã¾ã›ã‚“ã€‚


Oracle Database 19c Enterprise Edition Release 19.0.0.0.0 - Production
Version 19.3.0.0.0ã¨ã®æ¥ç¶šãŒåˆ‡æ–­ã•ã‚Œã¾ã—ãŸã€‚

SQL*Plus: Release 19.0.0.0.0 - Production on é‡‘ 10æœˆ 18 10:19:30 2024
Version 19.3.0.0.0

Copyright (c) 1982, 2019, Oracle.  All rights reserved.

æœ€çµ‚æ­£å¸¸ãƒ­ã‚°ã‚¤ãƒ³æ™‚é–“: é‡‘ 10æœˆ 18 2024 10:18:39 +09:00


Oracle Database 19c Enterprise Edition Release 19.0.0.0.0 - Production
Version 19.3.0.0.0
ã«æ¥ç¶šã•ã‚Œã¾ã—ãŸã€‚
drop table ticket
           *
è¡Œ1ã§ã‚¨ãƒ©ãƒ¼ãŒç™ºç”Ÿã—ã¾ã—ãŸã€‚:
ORA-00942: è¡¨ã¾ãŸã¯ãƒ“ãƒ¥ãƒ¼ãŒå­˜åœ¨ã—ã¾ã›ã‚“ã€‚


drop sequence ticket_Sequence
              *
è¡Œ1ã§ã‚¨ãƒ©ãƒ¼ãŒç™ºç”Ÿã—ã¾ã—ãŸã€‚:
ORA-02289: é †åºãŒå­˜åœ¨ã—ã¾ã›ã‚“ã€‚


Oracle Database 19c Enterprise Edition Release 19.0.0.0.0 - Production
Version 19.3.0.0.0ã¨ã®æ¥ç¶šãŒåˆ‡æ–­ã•ã‚Œã¾ã—ãŸã€‚

SQL*Plus: Release 19.0.0.0.0 - Production on é‡‘ 10æœˆ 18 10:19:32 2024
Version 19.3.0.0.0

Copyright (c) 1982, 2019, Oracle.  All rights reserved.

æœ€çµ‚æ­£å¸¸ãƒ­ã‚°ã‚¤ãƒ³æ™‚é–“: é‡‘ 10æœˆ 18 2024 10:19:30 +09:00


Oracle Database 19c Enterprise Edition Release 19.0.0.0.0 - Production
Version 19.3.0.0.0
ã«æ¥ç¶šã•ã‚Œã¾ã—ãŸã€‚
drop table users
           *
è¡Œ1ã§ã‚¨ãƒ©ãƒ¼ãŒç™ºç”Ÿã—ã¾ã—ãŸã€‚:
ORA-00942: è¡¨ã¾ãŸã¯ãƒ“ãƒ¥ãƒ¼ãŒå­˜åœ¨ã—ã¾ã›ã‚“ã€‚


drop sequence users_Sequence
              *
è¡Œ1ã§ã‚¨ãƒ©ãƒ¼ãŒç™ºç”Ÿã—ã¾ã—ãŸã€‚:
ORA-02289: é †åºãŒå­˜åœ¨ã—ã¾ã›ã‚“ã€‚


Oracle Database 19c Enterprise Edition Release 19.0.0.0.0 - Production
Version 19.3.0.0.0ã¨ã®æ¥ç¶šãŒåˆ‡æ–­ã•ã‚Œã¾ã—ãŸã€‚

SQL*Plus: Release 19.0.0.0.0 - Production on é‡‘ 10æœˆ 18 10:19:39 2024
Version 19.3.0.0.0

Copyright (c) 1982, 2019, Oracle.  All rights reserved.

æœ€çµ‚æ­£å¸¸ãƒ­ã‚°ã‚¤ãƒ³æ™‚é–“: é‡‘ 10æœˆ 18 2024 10:19:32 +09:00


Oracle Database 19c Enterprise Edition Release 19.0.0.0.0 - Production
Version 19.3.0.0.0
ã«æ¥ç¶šã•ã‚Œã¾ã—ãŸã€‚

è¡¨ãŒä½œæˆã•ã‚Œã¾ã—ãŸã€‚


ã‚³ãƒŸãƒƒãƒˆãŒå®Œäº†ã—ã¾ã—ãŸã€‚

Oracle Database 19c Enterprise Edition Release 19.0.0.0.0 - Production
Version 19.3.0.0.0ã¨ã®æ¥ç¶šãŒåˆ‡æ–­ã•ã‚Œã¾ã—ãŸã€‚

SQL*Plus: Release 19.0.0.0.0 - Production on é‡‘ 10æœˆ 18 10:19:40 2024
Version 19.3.0.0.0

Copyright (c) 1982, 2019, Oracle.  All rights reserved.

æœ€çµ‚æ­£å¸¸ãƒ­ã‚°ã‚¤ãƒ³æ™‚é–“: é‡‘ 10æœˆ 18 2024 10:19:39 +09:00


Oracle Database 19c Enterprise Edition Release 19.0.0.0.0 - Production
Version 19.3.0.0.0
ã«æ¥ç¶šã•ã‚Œã¾ã—ãŸã€‚

é †åºãŒä½œæˆã•ã‚Œã¾ã—ãŸã€‚


è¡¨ãŒä½œæˆã•ã‚Œã¾ã—ãŸã€‚


ã‚³ãƒŸãƒƒãƒˆãŒå®Œäº†ã—ã¾ã—ãŸã€‚

Oracle Database 19c Enterprise Edition Release 19.0.0.0.0 - Production
Version 19.3.0.0.0ã¨ã®æ¥ç¶šãŒåˆ‡æ–­ã•ã‚Œã¾ã—ãŸã€‚

SQL*Plus: Release 19.0.0.0.0 - Production on é‡‘ 10æœˆ 18 10:20:02 2024
Version 19.3.0.0.0

Copyright (c) 1982, 2019, Oracle.  All rights reserved.

æœ€çµ‚æ­£å¸¸ãƒ­ã‚°ã‚¤ãƒ³æ™‚é–“: é‡‘ 10æœˆ 18 2024 10:19:41 +09:00


Oracle Database 19c Enterprise Edition Release 19.0.0.0.0 - Production
Version 19.3.0.0.0
ã«æ¥ç¶šã•ã‚Œã¾ã—ãŸã€‚
ERROR:
ORA-01756: å¼•ç”¨ç¬¦ä»˜ãæ–‡å­—åˆ—ãŒæ­£ã—ãçµ‚äº†ã—ã¦ã„ã¾ã›ã‚“



1è¡ŒãŒä½œæˆã•ã‚Œã¾ã—ãŸã€‚


1è¡ŒãŒä½œæˆã•ã‚Œã¾ã—ãŸã€‚


1è¡ŒãŒä½œæˆã•ã‚Œã¾ã—ãŸã€‚

INSERT INTO users (email, user_name, password, old_password, secret_word) VALUES ('testuser2@hoge.jp', 'Error User1', 'password123', NULL, 'ƒeƒXƒg')
*
è¡Œ1ã§ã‚¨ãƒ©ãƒ¼ãŒç™ºç”Ÿã—ã¾ã—ãŸã€‚:
ORA-02290: ãƒã‚§ãƒƒã‚¯åˆ¶ç´„(INFO.CK_USER_PASSWORD)ã«é•åã—ã¾ã—ãŸ


INSERT INTO users (email, user_name, password, old_password, secret_word) VALUES ('testuser3@hoge.jp', 'Error User2', 'AAAAaaaa1111!', NULL, 'ƒeƒXƒg')
*
è¡Œ1ã§ã‚¨ãƒ©ãƒ¼ãŒç™ºç”Ÿã—ã¾ã—ãŸã€‚:
ORA-02290: ãƒã‚§ãƒƒã‚¯åˆ¶ç´„(INFO.CK_USER_PASSWORD)ã«é•åã—ã¾ã—ãŸ


INSERT INTO users (email, user_name, password, old_password, secret_word) VALUES ('testuser4@hoge.jp', 'Error User3', 'Short1!', NULL, 'ƒeƒXƒg')
*
è¡Œ1ã§ã‚¨ãƒ©ãƒ¼ãŒç™ºç”Ÿã—ã¾ã—ãŸã€‚:
ORA-02290: ãƒã‚§ãƒƒã‚¯åˆ¶ç´„(INFO.CK_USER_PASSWORD)ã«é•åã—ã¾ã—ãŸ


INSERT INTO users (email, user_name, password, old_password, secret_word) VALUES ('testuer5@hoge.jp', 'Error User4', '12345678', NULL, 'ƒeƒXƒg')
*
è¡Œ1ã§ã‚¨ãƒ©ãƒ¼ãŒç™ºç”Ÿã—ã¾ã—ãŸã€‚:
ORA-02290: ãƒã‚§ãƒƒã‚¯åˆ¶ç´„(INFO.CK_USER_PASSWORD)ã«é•åã—ã¾ã—ãŸ


INSERT INTO users (email, user_name, password, old_password, secret_word) VALUES ('', 'Error User5', 'ErrorUser123!', NULL, 'ƒeƒXƒg')
                                                                                  *
è¡Œ1ã§ã‚¨ãƒ©ãƒ¼ãŒç™ºç”Ÿã—ã¾ã—ãŸã€‚:
ORA-01400: ("INFO"."USERS"."EMAIL")ã«ã¯NULLã¯æŒ¿å…¥ã§ãã¾ã›ã‚“ã€‚


INSERT INTO users (email, user_name, password, old_password, secret_word) VALUES ('testuer6@hoge.jp', '', 'ErrorUser123!', NULL, 'ƒeƒXƒg')
                                                                                                      *
è¡Œ1ã§ã‚¨ãƒ©ãƒ¼ãŒç™ºç”Ÿã—ã¾ã—ãŸã€‚:
ORA-01400: ("INFO"."USERS"."USER_NAME")ã«ã¯NULLã¯æŒ¿å…¥ã§ãã¾ã›ã‚“ã€‚


INSERT INTO users (email, user_name, password, old_password, secret_word) VALUES ('testuser7@hoge.jp', 'Error User6', 'ErrorUser123!', NULL, '')
                                                                                                                                             *
è¡Œ1ã§ã‚¨ãƒ©ãƒ¼ãŒç™ºç”Ÿã—ã¾ã—ãŸã€‚:
ORA-01400: ("INFO"."USERS"."SECRET_WORD")ã«ã¯NULLã¯æŒ¿å…¥ã§ãã¾ã›ã‚“ã€‚


INSERT INTO users (email, user_name, password, old_password, secret_word) VALUES ('testuser1@hoge.jp', 'Error User6', 'ErrorUser123!', NULL, '')
                                                                                                                                             *
è¡Œ1ã§ã‚¨ãƒ©ãƒ¼ãŒç™ºç”Ÿã—ã¾ã—ãŸã€‚:
ORA-01400: ("INFO"."USERS"."SECRET_WORD")ã«ã¯NULLã¯æŒ¿å…¥ã§ãã¾ã›ã‚“ã€‚



ã‚³ãƒŸãƒƒãƒˆãŒå®Œäº†ã—ã¾ã—ãŸã€‚

Oracle Database 19c Enterprise Edition Release 19.0.0.0.0 - Production
Version 19.3.0.0.0ã¨ã®æ¥ç¶šãŒåˆ‡æ–­ã•ã‚Œã¾ã—ãŸã€‚

SQL*Plus: Release 19.0.0.0.0 - Production on é‡‘ 10æœˆ 18 10:20:04 2024
Version 19.3.0.0.0

Copyright (c) 1982, 2019, Oracle.  All rights reserved.

æœ€çµ‚æ­£å¸¸ãƒ­ã‚°ã‚¤ãƒ³æ™‚é–“: é‡‘ 10æœˆ 18 2024 10:20:02 +09:00


Oracle Database 19c Enterprise Edition Release 19.0.0.0.0 - Production
Version 19.3.0.0.0
ã«æ¥ç¶šã•ã‚Œã¾ã—ãŸã€‚
ERROR:
ORA-01756: å¼•ç”¨ç¬¦ä»˜ãæ–‡å­—åˆ—ãŒæ­£ã—ãçµ‚äº†ã—ã¦ã„ã¾ã›ã‚“


ERROR:
ORA-01756: å¼•ç”¨ç¬¦ä»˜ãæ–‡å­—åˆ—ãŒæ­£ã—ãçµ‚äº†ã—ã¦ã„ã¾ã›ã‚“


INSERT INTO ticket (ticket_id, email, title, deadline, assigned_person, importance, progress, category) VALUES (ticket_sequence.NEXTVAL, 'ss23304007@ga.ttc.ac.jp', 'ƒvƒƒWƒFƒNƒg‚Ì’ñˆÄ‘‚Ìì¬i’S“–ÒÄƒAƒTƒCƒ“‚Ì‰Â”\«‚ ‚èBj', TO_DATE('2025-02-02', 'YYYY-MM-DD'), '“c’†', '‚', 0, 'ŒÚ‹q’²¸')
*
è¡Œ1ã§ã‚¨ãƒ©ãƒ¼ãŒç™ºç”Ÿã—ã¾ã—ãŸã€‚:
ORA-02290: ãƒã‚§ãƒƒã‚¯åˆ¶ç´„(INFO.CK_TICKET_IMPORTANCE)ã«é•åã—ã¾ã—ãŸ


ERROR:
ORA-01756: å¼•ç”¨ç¬¦ä»˜ãæ–‡å­—åˆ—ãŒæ­£ã—ãçµ‚äº†ã—ã¦ã„ã¾ã›ã‚“


INSERT INTO ticket (ticket_id, email, title, deadline, assigned_person, importance, progress, category) VALUES (ticket_sequence.NEXTVAL, 'ss23304007@ga.ttc.ac.jp', 'TŸ’è—á‰ï‹c', TO_DATE('2024-11-08', 'YYYY-MM-DD'), 'ƒƒ“ƒo', '’†', 0, '‰ï‹c')
*
è¡Œ1ã§ã‚¨ãƒ©ãƒ¼ãŒç™ºç”Ÿã—ã¾ã—ãŸã€‚:
ORA-02290: ãƒã‚§ãƒƒã‚¯åˆ¶ç´„(INFO.CK_TICKET_IMPORTANCE)ã«é•åã—ã¾ã—ãŸ


INSERT INTO ticket (ticket_id, email, title, deadline, assigned_person, importance, progress, category) VALUES (ticket_sequence.NEXTVAL, 'ss23304007@ga.ttc.ac.jp', '‹¤—LƒeƒXƒg', TO_DATE('2024-11-08', 'YYYY-MM-DD'), 'mt23304012@ga.ttc.ac.jp', '’†', 0, '‰ï‹c')
*
è¡Œ1ã§ã‚¨ãƒ©ãƒ¼ãŒç™ºç”Ÿã—ã¾ã—ãŸã€‚:
ORA-02290: ãƒã‚§ãƒƒã‚¯åˆ¶ç´„(INFO.CK_TICKET_IMPORTANCE)ã«é•åã—ã¾ã—ãŸ


INSERT INTO ticket (ticket_id, email, title, deadline, assigned_person, importance, progress, category) VALUES (ticket_sequence.NEXTVAL, 'mt23304012@ga.ttc.ac.jp', 'TŸ’è—á‰ï‹c', TO_DATE('2024-11-08', 'YYYY-MM-DD'), 'ƒƒ“ƒo', '’†', 0, '‰ï‹c')
*
è¡Œ1ã§ã‚¨ãƒ©ãƒ¼ãŒç™ºç”Ÿã—ã¾ã—ãŸã€‚:
ORA-02290: ãƒã‚§ãƒƒã‚¯åˆ¶ç´„(INFO.CK_TICKET_IMPORTANCE)ã«é•åã—ã¾ã—ãŸ


INSERT INTO ticket (ticket_id, email, title, deadline, assigned_person, importance, progress, category) VALUES (ticket_sequence.NEXTVAL, 'mt23304012@ga.ttc.ac.jp', 'Unit Test', TO_DATE('2024-11-09', 'YYYY-MM-DD'), 'âV“¡', '‚', 0, 'ƒeƒXƒg')
*
è¡Œ1ã§ã‚¨ãƒ©ãƒ¼ãŒç™ºç”Ÿã—ã¾ã—ãŸã€‚:
ORA-02290: ãƒã‚§ãƒƒã‚¯åˆ¶ç´„(INFO.CK_TICKET_IMPORTANCE)ã«é•åã—ã¾ã—ãŸ


ERROR:
ORA-01756: å¼•ç”¨ç¬¦ä»˜ãæ–‡å­—åˆ—ãŒæ­£ã—ãçµ‚äº†ã—ã¦ã„ã¾ã›ã‚“


INSERT INTO ticket (ticket_id, email, title, deadline, assigned_person, importance, progress, category) VALUES (ticket_sequence.NEXTVAL, 'mt23304012@ga.ttc.ac.jp', '‹¤—LƒeƒXƒg', TO_DATE('2024-11-08', 'YYYY-MM-DD'), 'ss23304007@ga.ttc.ac.jp', '’†', 0, '‰ï‹c')
*
è¡Œ1ã§ã‚¨ãƒ©ãƒ¼ãŒç™ºç”Ÿã—ã¾ã—ãŸã€‚:
ORA-02290: ãƒã‚§ãƒƒã‚¯åˆ¶ç´„(INFO.CK_TICKET_IMPORTANCE)ã«é•åã—ã¾ã—ãŸ


ERROR:
ORA-01756: å¼•ç”¨ç¬¦ä»˜ãæ–‡å­—åˆ—ãŒæ­£ã—ãçµ‚äº†ã—ã¦ã„ã¾ã›ã‚“


ERROR:
ORA-01756: å¼•ç”¨ç¬¦ä»˜ãæ–‡å­—åˆ—ãŒæ­£ã—ãçµ‚äº†ã—ã¦ã„ã¾ã›ã‚“


ERROR:
ORA-01756: å¼•ç”¨ç¬¦ä»˜ãæ–‡å­—åˆ—ãŒæ­£ã—ãçµ‚äº†ã—ã¦ã„ã¾ã›ã‚“


ERROR:
ORA-01756: å¼•ç”¨ç¬¦ä»˜ãæ–‡å­—åˆ—ãŒæ­£ã—ãçµ‚äº†ã—ã¦ã„ã¾ã›ã‚“


INSERT INTO ticket (ticket_id, email, title, deadline, assigned_person, importance, progress, category) VALUES (12, 'ss23304007@ga.ttc.ac.jp', 'ƒvƒƒWƒFƒNƒg‚Ì’ñˆÄ‘‚Ìì¬i’S“–ÒÄƒAƒTƒCƒ“‚Ì‰Â”\«‚ ‚è‚Ü‚·j', TO_DATE('2025-02-02', 'YYYY-MM-DD'), '“c’†', '‚', 0, 'ŒÚ‹q’²¸')
*
è¡Œ1ã§ã‚¨ãƒ©ãƒ¼ãŒç™ºç”Ÿã—ã¾ã—ãŸã€‚:
ORA-02290: ãƒã‚§ãƒƒã‚¯åˆ¶ç´„(INFO.CK_TICKET_IMPORTANCE)ã«é•åã—ã¾ã—ãŸ


INSERT INTO ticket (ticket_id, email, title, deadline, assigned_person, importance, progress, category) VALUES (13, 'ss23304007@ga.ttc.ac.jp', 'ƒSƒ~o‚µ', TO_DATE('2024-10-03', 'YYYY-MM-DD'), 'ƒ}ƒ}', 'LOW', 0, '‰Æ–')
*
è¡Œ1ã§ã‚¨ãƒ©ãƒ¼ãŒç™ºç”Ÿã—ã¾ã—ãŸã€‚:
ORA-02290: ãƒã‚§ãƒƒã‚¯åˆ¶ç´„(INFO.CK_TICKET_IMPORTANCE)ã«é•åã—ã¾ã—ãŸ


ERROR:
ORA-01756: å¼•ç”¨ç¬¦ä»˜ãæ–‡å­—åˆ—ãŒæ­£ã—ãçµ‚äº†ã—ã¦ã„ã¾ã›ã‚“


ERROR:
ORA-01756: å¼•ç”¨ç¬¦ä»˜ãæ–‡å­—åˆ—ãŒæ­£ã—ãçµ‚äº†ã—ã¦ã„ã¾ã›ã‚“



ã‚³ãƒŸãƒƒãƒˆãŒå®Œäº†ã—ã¾ã—ãŸã€‚

Oracle Database 19c Enterprise Edition Release 19.0.0.0.0 - Production
Version 19.3.0.0.0ã¨ã®æ¥ç¶šãŒåˆ‡æ–­ã•ã‚Œã¾ã—ãŸã€‚

SQL*Plus: Release 19.0.0.0.0 - Production on é‡‘ 10æœˆ 18 10:21:48 2024
Version 19.3.0.0.0

Copyright (c) 1982, 2019, Oracle.  All rights reserved.

æœ€çµ‚æ­£å¸¸ãƒ­ã‚°ã‚¤ãƒ³æ™‚é–“: é‡‘ 10æœˆ 18 2024 10:20:04 +09:00


Oracle Database 19c Enterprise Edition Release 19.0.0.0.0 - Production
Version 19.3.0.0.0
ã«æ¥ç¶šã•ã‚Œã¾ã—ãŸã€‚

è¡¨ãŒå‰Šé™¤ã•ã‚Œã¾ã—ãŸã€‚


é †åºãŒå‰Šé™¤ã•ã‚Œã¾ã—ãŸã€‚

Oracle Database 19c Enterprise Edition Release 19.0.0.0.0 - Production
Version 19.3.0.0.0ã¨ã®æ¥ç¶šãŒåˆ‡æ–­ã•ã‚Œã¾ã—ãŸã€‚

SQL*Plus: Release 19.0.0.0.0 - Production on é‡‘ 10æœˆ 18 10:21:49 2024
Version 19.3.0.0.0

Copyright (c) 1982, 2019, Oracle.  All rights reserved.

æœ€çµ‚æ­£å¸¸ãƒ­ã‚°ã‚¤ãƒ³æ™‚é–“: é‡‘ 10æœˆ 18 2024 10:21:48 +09:00


Oracle Database 19c Enterprise Edition Release 19.0.0.0.0 - Production
Version 19.3.0.0.0
ã«æ¥ç¶šã•ã‚Œã¾ã—ãŸã€‚

è¡¨ãŒå‰Šé™¤ã•ã‚Œã¾ã—ãŸã€‚

drop sequence users_Sequence
              *
è¡Œ1ã§ã‚¨ãƒ©ãƒ¼ãŒç™ºç”Ÿã—ã¾ã—ãŸã€‚:
ORA-02289: é †åºãŒå­˜åœ¨ã—ã¾ã›ã‚“ã€‚


Oracle Database 19c Enterprise Edition Release 19.0.0.0.0 - Production
Version 19.3.0.0.0ã¨ã®æ¥ç¶šãŒåˆ‡æ–­ã•ã‚Œã¾ã—ãŸã€‚

SQL*Plus: Release 19.0.0.0.0 - Production on é‡‘ 10æœˆ 18 10:21:55 2024
Version 19.3.0.0.0

Copyright (c) 1982, 2019, Oracle.  All rights reserved.

æœ€çµ‚æ­£å¸¸ãƒ­ã‚°ã‚¤ãƒ³æ™‚é–“: é‡‘ 10æœˆ 18 2024 10:21:50 +09:00


Oracle Database 19c Enterprise Edition Release 19.0.0.0.0 - Production
Version 19.3.0.0.0
ã«æ¥ç¶šã•ã‚Œã¾ã—ãŸã€‚

è¡¨ãŒä½œæˆã•ã‚Œã¾ã—ãŸã€‚


ã‚³ãƒŸãƒƒãƒˆãŒå®Œäº†ã—ã¾ã—ãŸã€‚

Oracle Database 19c Enterprise Edition Release 19.0.0.0.0 - Production
Version 19.3.0.0.0ã¨ã®æ¥ç¶šãŒåˆ‡æ–­ã•ã‚Œã¾ã—ãŸã€‚

SQL*Plus: Release 19.0.0.0.0 - Production on é‡‘ 10æœˆ 18 10:21:57 2024
Version 19.3.0.0.0

Copyright (c) 1982, 2019, Oracle.  All rights reserved.

æœ€çµ‚æ­£å¸¸ãƒ­ã‚°ã‚¤ãƒ³æ™‚é–“: é‡‘ 10æœˆ 18 2024 10:21:56 +09:00


Oracle Database 19c Enterprise Edition Release 19.0.0.0.0 - Production
Version 19.3.0.0.0
ã«æ¥ç¶šã•ã‚Œã¾ã—ãŸã€‚

é †åºãŒä½œæˆã•ã‚Œã¾ã—ãŸã€‚


è¡¨ãŒä½œæˆã•ã‚Œã¾ã—ãŸã€‚


ã‚³ãƒŸãƒƒãƒˆãŒå®Œäº†ã—ã¾ã—ãŸã€‚

Oracle Database 19c Enterprise Edition Release 19.0.0.0.0 - Production
Version 19.3.0.0.0ã¨ã®æ¥ç¶šãŒåˆ‡æ–­ã•ã‚Œã¾ã—ãŸã€‚

SQL*Plus: Release 19.0.0.0.0 - Production on é‡‘ 10æœˆ 18 10:22:03 2024
Version 19.3.0.0.0

Copyright (c) 1982, 2019, Oracle.  All rights reserved.

æœ€çµ‚æ­£å¸¸ãƒ­ã‚°ã‚¤ãƒ³æ™‚é–“: é‡‘ 10æœˆ 18 2024 10:21:57 +09:00


Oracle Database 19c Enterprise Edition Release 19.0.0.0.0 - Production
Version 19.3.0.0.0
ã«æ¥ç¶šã•ã‚Œã¾ã—ãŸã€‚

1è¡ŒãŒä½œæˆã•ã‚Œã¾ã—ãŸã€‚


1è¡ŒãŒä½œæˆã•ã‚Œã¾ã—ãŸã€‚


1è¡ŒãŒä½œæˆã•ã‚Œã¾ã—ãŸã€‚


1è¡ŒãŒä½œæˆã•ã‚Œã¾ã—ãŸã€‚

INSERT INTO users (email, user_name, password, old_password, secret_word) VALUES ('testuser2@hoge.jp', 'Error User1', 'password123', NULL, 'ãƒ†ã‚¹ãƒˆ')
*
è¡Œ1ã§ã‚¨ãƒ©ãƒ¼ãŒç™ºç”Ÿã—ã¾ã—ãŸã€‚:
ORA-02290: ãƒã‚§ãƒƒã‚¯åˆ¶ç´„(INFO.CK_USER_PASSWORD)ã«é•åã—ã¾ã—ãŸ


INSERT INTO users (email, user_name, password, old_password, secret_word) VALUES ('testuser3@hoge.jp', 'Error User2', 'AAAAaaaa1111!', NULL, 'ãƒ†ã‚¹ãƒˆ')
*
è¡Œ1ã§ã‚¨ãƒ©ãƒ¼ãŒç™ºç”Ÿã—ã¾ã—ãŸã€‚:
ORA-02290: ãƒã‚§ãƒƒã‚¯åˆ¶ç´„(INFO.CK_USER_PASSWORD)ã«é•åã—ã¾ã—ãŸ


INSERT INTO users (email, user_name, password, old_password, secret_word) VALUES ('testuser4@hoge.jp', 'Error User3', 'Short1!', NULL, 'ãƒ†ã‚¹ãƒˆ')
*
è¡Œ1ã§ã‚¨ãƒ©ãƒ¼ãŒç™ºç”Ÿã—ã¾ã—ãŸã€‚:
ORA-02290: ãƒã‚§ãƒƒã‚¯åˆ¶ç´„(INFO.CK_USER_PASSWORD)ã«é•åã—ã¾ã—ãŸ


INSERT INTO users (email, user_name, password, old_password, secret_word) VALUES ('testuer5@hoge.jp', 'Error User4', '12345678', NULL, 'ãƒ†ã‚¹ãƒˆ')
*
è¡Œ1ã§ã‚¨ãƒ©ãƒ¼ãŒç™ºç”Ÿã—ã¾ã—ãŸã€‚:
ORA-02290: ãƒã‚§ãƒƒã‚¯åˆ¶ç´„(INFO.CK_USER_PASSWORD)ã«é•åã—ã¾ã—ãŸ


INSERT INTO users (email, user_name, password, old_password, secret_word) VALUES ('', 'Error User5', 'ErrorUser123!', NULL, 'ãƒ†ã‚¹ãƒˆ')
                                                                                  *
è¡Œ1ã§ã‚¨ãƒ©ãƒ¼ãŒç™ºç”Ÿã—ã¾ã—ãŸã€‚:
ORA-01400: ("INFO"."USERS"."EMAIL")ã«ã¯NULLã¯æŒ¿å…¥ã§ãã¾ã›ã‚“ã€‚


INSERT INTO users (email, user_name, password, old_password, secret_word) VALUES ('testuer6@hoge.jp', '', 'ErrorUser123!', NULL, 'ãƒ†ã‚¹ãƒˆ')
                                                                                                      *
è¡Œ1ã§ã‚¨ãƒ©ãƒ¼ãŒç™ºç”Ÿã—ã¾ã—ãŸã€‚:
ORA-01400: ("INFO"."USERS"."USER_NAME")ã«ã¯NULLã¯æŒ¿å…¥ã§ãã¾ã›ã‚“ã€‚


INSERT INTO users (email, user_name, password, old_password, secret_word) VALUES ('testuser7@hoge.jp', 'Error User6', 'ErrorUser123!', NULL, '')
                                                                                                                                             *
è¡Œ1ã§ã‚¨ãƒ©ãƒ¼ãŒç™ºç”Ÿã—ã¾ã—ãŸã€‚:
ORA-01400: ("INFO"."USERS"."SECRET_WORD")ã«ã¯NULLã¯æŒ¿å…¥ã§ãã¾ã›ã‚“ã€‚


INSERT INTO users (email, user_name, password, old_password, secret_word) VALUES ('testuser1@hoge.jp', 'Error User6', 'ErrorUser123!', NULL, '')
                                                                                                                                             *
è¡Œ1ã§ã‚¨ãƒ©ãƒ¼ãŒç™ºç”Ÿã—ã¾ã—ãŸã€‚:
ORA-01400: ("INFO"."USERS"."SECRET_WORD")ã«ã¯NULLã¯æŒ¿å…¥ã§ãã¾ã›ã‚“ã€‚



ã‚³ãƒŸãƒƒãƒˆãŒå®Œäº†ã—ã¾ã—ãŸã€‚

Oracle Database 19c Enterprise Edition Release 19.0.0.0.0 - Production
Version 19.3.0.0.0ã¨ã®æ¥ç¶šãŒåˆ‡æ–­ã•ã‚Œã¾ã—ãŸã€‚

SQL*Plus: Release 19.0.0.0.0 - Production on é‡‘ 10æœˆ 18 10:22:05 2024
Version 19.3.0.0.0

Copyright (c) 1982, 2019, Oracle.  All rights reserved.

æœ€çµ‚æ­£å¸¸ãƒ­ã‚°ã‚¤ãƒ³æ™‚é–“: é‡‘ 10æœˆ 18 2024 10:22:04 +09:00


Oracle Database 19c Enterprise Edition Release 19.0.0.0.0 - Production
Version 19.3.0.0.0
ã«æ¥ç¶šã•ã‚Œã¾ã—ãŸã€‚

1è¡ŒãŒä½œæˆã•ã‚Œã¾ã—ãŸã€‚


1è¡ŒãŒä½œæˆã•ã‚Œã¾ã—ãŸã€‚


1è¡ŒãŒä½œæˆã•ã‚Œã¾ã—ãŸã€‚


1è¡ŒãŒä½œæˆã•ã‚Œã¾ã—ãŸã€‚


1è¡ŒãŒä½œæˆã•ã‚Œã¾ã—ãŸã€‚


1è¡ŒãŒä½œæˆã•ã‚Œã¾ã—ãŸã€‚


1è¡ŒãŒä½œæˆã•ã‚Œã¾ã—ãŸã€‚


1è¡ŒãŒä½œæˆã•ã‚Œã¾ã—ãŸã€‚


1è¡ŒãŒä½œæˆã•ã‚Œã¾ã—ãŸã€‚


1è¡ŒãŒä½œæˆã•ã‚Œã¾ã—ãŸã€‚


1è¡ŒãŒä½œæˆã•ã‚Œã¾ã—ãŸã€‚


1è¡ŒãŒä½œæˆã•ã‚Œã¾ã—ãŸã€‚

INSERT INTO ticket (ticket_id, email, title, deadline, assigned_person, importance, progress, category) VALUES (null, 'ichiroutanaka@hoge.jp', 'ã‚´ãƒŸå‡ºã—', TO_DATE('2024-10-03', 'YYYY-MM-DD'), 'ãƒãƒ', 'ä½', 0, 'å®¶äº‹')
                                                                                                                *
è¡Œ1ã§ã‚¨ãƒ©ãƒ¼ãŒç™ºç”Ÿã—ã¾ã—ãŸã€‚:
ORA-01400: ("INFO"."TICKET"."TICKET_ID")ã«ã¯NULLã¯æŒ¿å…¥ã§ãã¾ã›ã‚“ã€‚


INSERT INTO ticket (ticket_id, email, title, deadline, assigned_person, importance, progress, category) VALUES (11, 'NULL', 'ã‚´ãƒŸå‡ºã—', TO_DATE('2024-10-03', 'YYYY-MM-DD'), 'ãƒãƒ', 'ä½', 0, 'å®¶äº‹')
*
è¡Œ1ã§ã‚¨ãƒ©ãƒ¼ãŒç™ºç”Ÿã—ã¾ã—ãŸã€‚:
ORA-00001: ä¸€æ„åˆ¶ç´„(INFO.SYS_C008433)ã«åã—ã¦ã„ã¾ã™


INSERT INTO ticket (ticket_id, email, title, deadline, assigned_person, importance, progress, category) VALUES (12, 'ss23304007@ga.ttc.ac.jp', 'ãƒ—ãƒ­ã‚¸ã‚§ã‚¯ãƒˆã®ææ¡ˆæ›¸ã®ä½œæˆï¼ˆæ‹…å½“è€…å†ã‚¢ã‚µã‚¤ãƒ³ã®å¯èƒ½æ€§ã‚ã‚Šã¾ã™ï¼‰', TO_DATE('2025-02-02', 'YYYY-MM-DD'), 'ç”°ä¸­', 'é«˜', 0, 'é¡§å®¢èª¿æŸ»')
                                                                                                                                               *
è¡Œ1ã§ã‚¨ãƒ©ãƒ¼ãŒç™ºç”Ÿã—ã¾ã—ãŸã€‚:
ORA-12899: åˆ—"INFO"."TICKET"."TITLE"ã®å€¤ãŒå¤§ãã™ãã¾ã™(å®Ÿéš›: 62ã€æœ€å¤§: 60)


INSERT INTO ticket (ticket_id, email, title, deadline, assigned_person, importance, progress, category) VALUES (13, 'ss23304007@ga.ttc.ac.jp', 'ã‚´ãƒŸå‡ºã—', TO_DATE('2024-10-03', 'YYYY-MM-DD'), 'ãƒãƒ', 'LOW', 0, 'å®¶äº‹')
*
è¡Œ1ã§ã‚¨ãƒ©ãƒ¼ãŒç™ºç”Ÿã—ã¾ã—ãŸã€‚:
ORA-02290: ãƒã‚§ãƒƒã‚¯åˆ¶ç´„(INFO.CK_TICKET_IMPORTANCE)ã«é•åã—ã¾ã—ãŸ


INSERT INTO ticket (ticket_id, email, title, deadline, assigned_person, importance, progress, category) VALUES (14, 'ss23304007@ga.ttc.ac.jp', 'ã‚´ãƒŸå‡ºã—', TO_DATE('2024-10-03', 'YYYY-MM-DD'), 'ãƒãƒ', 'ä½', NULL, 'å®¶äº‹')
                                                                                                                                                                                                        *
è¡Œ1ã§ã‚¨ãƒ©ãƒ¼ãŒç™ºç”Ÿã—ã¾ã—ãŸã€‚:
ORA-01400: ("INFO"."TICKET"."PROGRESS")ã«ã¯NULLã¯æŒ¿å…¥ã§ãã¾ã›ã‚“ã€‚


INSERT INTO ticket (ticket_id, email, title, deadline, assigned_person, importance, progress, category) VALUES (1, 'ss23304007@ga.ttc.ac.jp', 'ã‚´ãƒŸå‡ºã—', TO_DATE('2024-10-03', 'YYYY-MM-DD'), 'ãƒãƒ', 'ä½', 0, 'å®¶äº‹')
*
è¡Œ1ã§ã‚¨ãƒ©ãƒ¼ãŒç™ºç”Ÿã—ã¾ã—ãŸã€‚:
ORA-00001: ä¸€æ„åˆ¶ç´„(INFO.SYS_C008433)ã«åã—ã¦ã„ã¾ã™



ã‚³ãƒŸãƒƒãƒˆãŒå®Œäº†ã—ã¾ã—ãŸã€‚

Oracle Database 19c Enterprise Edition Release 19.0.0.0.0 - Production
Version 19.3.0.0.0ã¨ã®æ¥ç¶šãŒåˆ‡æ–­ã•ã‚Œã¾ã—ãŸã€‚

SQL*Plus: Release 19.0.0.0.0 - Production on é‡‘ 10æœˆ 18 10:47:21 2024
Version 19.3.0.0.0

Copyright (c) 1982, 2019, Oracle.  All rights reserved.

æœ€çµ‚æ­£å¸¸ãƒ­ã‚°ã‚¤ãƒ³æ™‚é–“: é‡‘ 10æœˆ 18 2024 10:40:27 +09:00


Oracle Database 19c Enterprise Edition Release 19.0.0.0.0 - Production
Version 19.3.0.0.0
ã«æ¥ç¶šã•ã‚Œã¾ã—ãŸã€‚

è¡¨ãŒå‰Šé™¤ã•ã‚Œã¾ã—ãŸã€‚


é †åºãŒå‰Šé™¤ã•ã‚Œã¾ã—ãŸã€‚

Oracle Database 19c Enterprise Edition Release 19.0.0.0.0 - Production
Version 19.3.0.0.0ã¨ã®æ¥ç¶šãŒåˆ‡æ–­ã•ã‚Œã¾ã—ãŸã€‚

SQL*Plus: Release 19.0.0.0.0 - Production on é‡‘ 10æœˆ 18 10:47:22 2024
Version 19.3.0.0.0

Copyright (c) 1982, 2019, Oracle.  All rights reserved.

æœ€çµ‚æ­£å¸¸ãƒ­ã‚°ã‚¤ãƒ³æ™‚é–“: é‡‘ 10æœˆ 18 2024 10:47:21 +09:00


Oracle Database 19c Enterprise Edition Release 19.0.0.0.0 - Production
Version 19.3.0.0.0
ã«æ¥ç¶šã•ã‚Œã¾ã—ãŸã€‚

è¡¨ãŒå‰Šé™¤ã•ã‚Œã¾ã—ãŸã€‚

drop sequence users_Sequence
              *
è¡Œ1ã§ã‚¨ãƒ©ãƒ¼ãŒç™ºç”Ÿã—ã¾ã—ãŸã€‚:
ORA-02289: é †åºãŒå­˜åœ¨ã—ã¾ã›ã‚“ã€‚


Oracle Database 19c Enterprise Edition Release 19.0.0.0.0 - Production
Version 19.3.0.0.0ã¨ã®æ¥ç¶šãŒåˆ‡æ–­ã•ã‚Œã¾ã—ãŸã€‚

SQL*Plus: Release 19.0.0.0.0 - Production on é‡‘ 10æœˆ 18 10:47:28 2024
Version 19.3.0.0.0

Copyright (c) 1982, 2019, Oracle.  All rights reserved.

æœ€çµ‚æ­£å¸¸ãƒ­ã‚°ã‚¤ãƒ³æ™‚é–“: é‡‘ 10æœˆ 18 2024 10:47:22 +09:00


Oracle Database 19c Enterprise Edition Release 19.0.0.0.0 - Production
Version 19.3.0.0.0
ã«æ¥ç¶šã•ã‚Œã¾ã—ãŸã€‚

è¡¨ãŒä½œæˆã•ã‚Œã¾ã—ãŸã€‚


ã‚³ãƒŸãƒƒãƒˆãŒå®Œäº†ã—ã¾ã—ãŸã€‚

Oracle Database 19c Enterprise Edition Release 19.0.0.0.0 - Production
Version 19.3.0.0.0ã¨ã®æ¥ç¶šãŒåˆ‡æ–­ã•ã‚Œã¾ã—ãŸã€‚

SQL*Plus: Release 19.0.0.0.0 - Production on é‡‘ 10æœˆ 18 10:47:30 2024
Version 19.3.0.0.0

Copyright (c) 1982, 2019, Oracle.  All rights reserved.

æœ€çµ‚æ­£å¸¸ãƒ­ã‚°ã‚¤ãƒ³æ™‚é–“: é‡‘ 10æœˆ 18 2024 10:47:28 +09:00


Oracle Database 19c Enterprise Edition Release 19.0.0.0.0 - Production
Version 19.3.0.0.0
ã«æ¥ç¶šã•ã‚Œã¾ã—ãŸã€‚

é †åºãŒä½œæˆã•ã‚Œã¾ã—ãŸã€‚

    importance VARCHAR2(10) NOT NULL CONSTRAINT CK_TICKET_IMPORTANCE CHECK (importance IN ('’á', '’†', '‚')),
                                                                                                *
è¡Œ7ã§ã‚¨ãƒ©ãƒ¼ãŒç™ºç”Ÿã—ã¾ã—ãŸã€‚:
ORA-00911: æ–‡å­—ãŒç„¡åŠ¹ã§ã™ã€‚



ã‚³ãƒŸãƒƒãƒˆãŒå®Œäº†ã—ã¾ã—ãŸã€‚

Oracle Database 19c Enterprise Edition Release 19.0.0.0.0 - Production
Version 19.3.0.0.0ã¨ã®æ¥ç¶šãŒåˆ‡æ–­ã•ã‚Œã¾ã—ãŸã€‚

SQL*Plus: Release 19.0.0.0.0 - Production on é‡‘ 10æœˆ 18 10:47:35 2024
Version 19.3.0.0.0

Copyright (c) 1982, 2019, Oracle.  All rights reserved.

æœ€çµ‚æ­£å¸¸ãƒ­ã‚°ã‚¤ãƒ³æ™‚é–“: é‡‘ 10æœˆ 18 2024 10:47:30 +09:00


Oracle Database 19c Enterprise Edition Release 19.0.0.0.0 - Production
Version 19.3.0.0.0
ã«æ¥ç¶šã•ã‚Œã¾ã—ãŸã€‚
ERROR:
ORA-01756: å¼•ç”¨ç¬¦ä»˜ãæ–‡å­—åˆ—ãŒæ­£ã—ãçµ‚äº†ã—ã¦ã„ã¾ã›ã‚“



1è¡ŒãŒä½œæˆã•ã‚Œã¾ã—ãŸã€‚


1è¡ŒãŒä½œæˆã•ã‚Œã¾ã—ãŸã€‚


1è¡ŒãŒä½œæˆã•ã‚Œã¾ã—ãŸã€‚

INSERT INTO users (email, user_name, password, old_password, secret_word) VALUES ('testuser2@hoge.jp', 'Error User1', 'password123', NULL, 'ƒeƒXƒg')
*
è¡Œ1ã§ã‚¨ãƒ©ãƒ¼ãŒç™ºç”Ÿã—ã¾ã—ãŸã€‚:
ORA-02290: ãƒã‚§ãƒƒã‚¯åˆ¶ç´„(INFO.CK_USER_PASSWORD)ã«é•åã—ã¾ã—ãŸ


INSERT INTO users (email, user_name, password, old_password, secret_word) VALUES ('testuser3@hoge.jp', 'Error User2', 'AAAAaaaa1111!', NULL, 'ƒeƒXƒg')
*
è¡Œ1ã§ã‚¨ãƒ©ãƒ¼ãŒç™ºç”Ÿã—ã¾ã—ãŸã€‚:
ORA-02290: ãƒã‚§ãƒƒã‚¯åˆ¶ç´„(INFO.CK_USER_PASSWORD)ã«é•åã—ã¾ã—ãŸ


INSERT INTO users (email, user_name, password, old_password, secret_word) VALUES ('testuser4@hoge.jp', 'Error User3', 'Short1!', NULL, 'ƒeƒXƒg')
*
è¡Œ1ã§ã‚¨ãƒ©ãƒ¼ãŒç™ºç”Ÿã—ã¾ã—ãŸã€‚:
ORA-02290: ãƒã‚§ãƒƒã‚¯åˆ¶ç´„(INFO.CK_USER_PASSWORD)ã«é•åã—ã¾ã—ãŸ


INSERT INTO users (email, user_name, password, old_password, secret_word) VALUES ('testuer5@hoge.jp', 'Error User4', '12345678', NULL, 'ƒeƒXƒg')
*
è¡Œ1ã§ã‚¨ãƒ©ãƒ¼ãŒç™ºç”Ÿã—ã¾ã—ãŸã€‚:
ORA-02290: ãƒã‚§ãƒƒã‚¯åˆ¶ç´„(INFO.CK_USER_PASSWORD)ã«é•åã—ã¾ã—ãŸ


INSERT INTO users (email, user_name, password, old_password, secret_word) VALUES ('', 'Error User5', 'ErrorUser123!', NULL, 'ƒeƒXƒg')
                                                                                  *
è¡Œ1ã§ã‚¨ãƒ©ãƒ¼ãŒç™ºç”Ÿã—ã¾ã—ãŸã€‚:
ORA-01400: ("INFO"."USERS"."EMAIL")ã«ã¯NULLã¯æŒ¿å…¥ã§ãã¾ã›ã‚“ã€‚


INSERT INTO users (email, user_name, password, old_password, secret_word) VALUES ('testuer6@hoge.jp', '', 'ErrorUser123!', NULL, 'ƒeƒXƒg')
                                                                                                      *
è¡Œ1ã§ã‚¨ãƒ©ãƒ¼ãŒç™ºç”Ÿã—ã¾ã—ãŸã€‚:
ORA-01400: ("INFO"."USERS"."USER_NAME")ã«ã¯NULLã¯æŒ¿å…¥ã§ãã¾ã›ã‚“ã€‚


INSERT INTO users (email, user_name, password, old_password, secret_word) VALUES ('testuser7@hoge.jp', 'Error User6', 'ErrorUser123!', NULL, '')
                                                                                                                                             *
è¡Œ1ã§ã‚¨ãƒ©ãƒ¼ãŒç™ºç”Ÿã—ã¾ã—ãŸã€‚:
ORA-01400: ("INFO"."USERS"."SECRET_WORD")ã«ã¯NULLã¯æŒ¿å…¥ã§ãã¾ã›ã‚“ã€‚


INSERT INTO users (email, user_name, password, old_password, secret_word) VALUES ('testuser1@hoge.jp', 'Error User6', 'ErrorUser123!', NULL, '')
                                                                                                                                             *
è¡Œ1ã§ã‚¨ãƒ©ãƒ¼ãŒç™ºç”Ÿã—ã¾ã—ãŸã€‚:
ORA-01400: ("INFO"."USERS"."SECRET_WORD")ã«ã¯NULLã¯æŒ¿å…¥ã§ãã¾ã›ã‚“ã€‚



ã‚³ãƒŸãƒƒãƒˆãŒå®Œäº†ã—ã¾ã—ãŸã€‚

Oracle Database 19c Enterprise Edition Release 19.0.0.0.0 - Production
Version 19.3.0.0.0ã¨ã®æ¥ç¶šãŒåˆ‡æ–­ã•ã‚Œã¾ã—ãŸã€‚

SQL*Plus: Release 19.0.0.0.0 - Production on é‡‘ 10æœˆ 18 10:47:37 2024
Version 19.3.0.0.0

Copyright (c) 1982, 2019, Oracle.  All rights reserved.

æœ€çµ‚æ­£å¸¸ãƒ­ã‚°ã‚¤ãƒ³æ™‚é–“: é‡‘ 10æœˆ 18 2024 10:47:36 +09:00


Oracle Database 19c Enterprise Edition Release 19.0.0.0.0 - Production
Version 19.3.0.0.0
ã«æ¥ç¶šã•ã‚Œã¾ã—ãŸã€‚
ERROR:
ORA-01756: å¼•ç”¨ç¬¦ä»˜ãæ–‡å­—åˆ—ãŒæ­£ã—ãçµ‚äº†ã—ã¦ã„ã¾ã›ã‚“


ERROR:
ORA-01756: å¼•ç”¨ç¬¦ä»˜ãæ–‡å­—åˆ—ãŒæ­£ã—ãçµ‚äº†ã—ã¦ã„ã¾ã›ã‚“


INSERT INTO ticket (ticket_id, email, title, deadline, assigned_person, importance, progress, category) VALUES (ticket_sequence.NEXTVAL, 'ss23304007@ga.ttc.ac.jp', 'ƒvƒƒWƒFƒNƒg‚Ì’ñˆÄ‘‚Ìì¬i’S“–ÒÄƒAƒTƒCƒ“‚Ì‰Â”\«‚ ‚èBj', TO_DATE('2025-02-02', 'YYYY-MM-DD'), '“c’†', '‚', 0, 'ŒÚ‹q’²¸')
            *
è¡Œ1ã§ã‚¨ãƒ©ãƒ¼ãŒç™ºç”Ÿã—ã¾ã—ãŸã€‚:
ORA-00942: è¡¨ã¾ãŸã¯ãƒ“ãƒ¥ãƒ¼ãŒå­˜åœ¨ã—ã¾ã›ã‚“ã€‚


ERROR:
ORA-01756: å¼•ç”¨ç¬¦ä»˜ãæ–‡å­—åˆ—ãŒæ­£ã—ãçµ‚äº†ã—ã¦ã„ã¾ã›ã‚“


INSERT INTO ticket (ticket_id, email, title, deadline, assigned_person, importance, progress, category) VALUES (ticket_sequence.NEXTVAL, 'ss23304007@ga.ttc.ac.jp', 'TŸ’è—á‰ï‹c', TO_DATE('2024-11-08', 'YYYY-MM-DD'), 'ƒƒ“ƒo', '’†', 0, '‰ï‹c')
            *
è¡Œ1ã§ã‚¨ãƒ©ãƒ¼ãŒç™ºç”Ÿã—ã¾ã—ãŸã€‚:
ORA-00942: è¡¨ã¾ãŸã¯ãƒ“ãƒ¥ãƒ¼ãŒå­˜åœ¨ã—ã¾ã›ã‚“ã€‚


INSERT INTO ticket (ticket_id, email, title, deadline, assigned_person, importance, progress, category) VALUES (ticket_sequence.NEXTVAL, 'ss23304007@ga.ttc.ac.jp', '‹¤—LƒeƒXƒg', TO_DATE('2024-11-08', 'YYYY-MM-DD'), 'mt23304012@ga.ttc.ac.jp', '’†', 0, '‰ï‹c')
            *
è¡Œ1ã§ã‚¨ãƒ©ãƒ¼ãŒç™ºç”Ÿã—ã¾ã—ãŸã€‚:
ORA-00942: è¡¨ã¾ãŸã¯ãƒ“ãƒ¥ãƒ¼ãŒå­˜åœ¨ã—ã¾ã›ã‚“ã€‚


INSERT INTO ticket (ticket_id, email, title, deadline, assigned_person, importance, progress, category) VALUES (ticket_sequence.NEXTVAL, 'mt23304012@ga.ttc.ac.jp', 'TŸ’è—á‰ï‹c', TO_DATE('2024-11-08', 'YYYY-MM-DD'), 'ƒƒ“ƒo', '’†', 0, '‰ï‹c')
            *
è¡Œ1ã§ã‚¨ãƒ©ãƒ¼ãŒç™ºç”Ÿã—ã¾ã—ãŸã€‚:
ORA-00942: è¡¨ã¾ãŸã¯ãƒ“ãƒ¥ãƒ¼ãŒå­˜åœ¨ã—ã¾ã›ã‚“ã€‚


INSERT INTO ticket (ticket_id, email, title, deadline, assigned_person, importance, progress, category) VALUES (ticket_sequence.NEXTVAL, 'mt23304012@ga.ttc.ac.jp', 'Unit Test', TO_DATE('2024-11-09', 'YYYY-MM-DD'), 'âV“¡', '‚', 0, 'ƒeƒXƒg')
            *
è¡Œ1ã§ã‚¨ãƒ©ãƒ¼ãŒç™ºç”Ÿã—ã¾ã—ãŸã€‚:
ORA-00942: è¡¨ã¾ãŸã¯ãƒ“ãƒ¥ãƒ¼ãŒå­˜åœ¨ã—ã¾ã›ã‚“ã€‚


ERROR:
ORA-01756: å¼•ç”¨ç¬¦ä»˜ãæ–‡å­—åˆ—ãŒæ­£ã—ãçµ‚äº†ã—ã¦ã„ã¾ã›ã‚“


INSERT INTO ticket (ticket_id, email, title, deadline, assigned_person, importance, progress, category) VALUES (ticket_sequence.NEXTVAL, 'mt23304012@ga.ttc.ac.jp', '‹¤—LƒeƒXƒg', TO_DATE('2024-11-08', 'YYYY-MM-DD'), 'ss23304007@ga.ttc.ac.jp', '’†', 0, '‰ï‹c')
            *
è¡Œ1ã§ã‚¨ãƒ©ãƒ¼ãŒç™ºç”Ÿã—ã¾ã—ãŸã€‚:
ORA-00942: è¡¨ã¾ãŸã¯ãƒ“ãƒ¥ãƒ¼ãŒå­˜åœ¨ã—ã¾ã›ã‚“ã€‚


ERROR:
ORA-01756: å¼•ç”¨ç¬¦ä»˜ãæ–‡å­—åˆ—ãŒæ­£ã—ãçµ‚äº†ã—ã¦ã„ã¾ã›ã‚“


ERROR:
ORA-01756: å¼•ç”¨ç¬¦ä»˜ãæ–‡å­—åˆ—ãŒæ­£ã—ãçµ‚äº†ã—ã¦ã„ã¾ã›ã‚“


ERROR:
ORA-01756: å¼•ç”¨ç¬¦ä»˜ãæ–‡å­—åˆ—ãŒæ­£ã—ãçµ‚äº†ã—ã¦ã„ã¾ã›ã‚“


ERROR:
ORA-01756: å¼•ç”¨ç¬¦ä»˜ãæ–‡å­—åˆ—ãŒæ­£ã—ãçµ‚äº†ã—ã¦ã„ã¾ã›ã‚“


INSERT INTO ticket (ticket_id, email, title, deadline, assigned_person, importance, progress, category) VALUES (12, 'ss23304007@ga.ttc.ac.jp', 'ƒvƒƒWƒFƒNƒg‚Ì’ñˆÄ‘‚Ìì¬i’S“–ÒÄƒAƒTƒCƒ“‚Ì‰Â”\«‚ ‚è‚Ü‚·j', TO_DATE('2025-02-02', 'YYYY-MM-DD'), '“c’†', '‚', 0, 'ŒÚ‹q’²¸')
            *
è¡Œ1ã§ã‚¨ãƒ©ãƒ¼ãŒç™ºç”Ÿã—ã¾ã—ãŸã€‚:
ORA-00942: è¡¨ã¾ãŸã¯ãƒ“ãƒ¥ãƒ¼ãŒå­˜åœ¨ã—ã¾ã›ã‚“ã€‚


INSERT INTO ticket (ticket_id, email, title, deadline, assigned_person, importance, progress, category) VALUES (13, 'ss23304007@ga.ttc.ac.jp', 'ƒSƒ~o‚µ', TO_DATE('2024-10-03', 'YYYY-MM-DD'), 'ƒ}ƒ}', 'LOW', 0, '‰Æ–')
            *
è¡Œ1ã§ã‚¨ãƒ©ãƒ¼ãŒç™ºç”Ÿã—ã¾ã—ãŸã€‚:
ORA-00942: è¡¨ã¾ãŸã¯ãƒ“ãƒ¥ãƒ¼ãŒå­˜åœ¨ã—ã¾ã›ã‚“ã€‚


ERROR:
ORA-01756: å¼•ç”¨ç¬¦ä»˜ãæ–‡å­—åˆ—ãŒæ­£ã—ãçµ‚äº†ã—ã¦ã„ã¾ã›ã‚“


ERROR:
ORA-01756: å¼•ç”¨ç¬¦ä»˜ãæ–‡å­—åˆ—ãŒæ­£ã—ãçµ‚äº†ã—ã¦ã„ã¾ã›ã‚“



ã‚³ãƒŸãƒƒãƒˆãŒå®Œäº†ã—ã¾ã—ãŸã€‚

Oracle Database 19c Enterprise Edition Release 19.0.0.0.0 - Production
Version 19.3.0.0.0ã¨ã®æ¥ç¶šãŒåˆ‡æ–­ã•ã‚Œã¾ã—ãŸã€‚

SQL*Plus: Release 19.0.0.0.0 - Production on é‡‘ 10æœˆ 18 10:49:32 2024
Version 19.3.0.0.0

Copyright (c) 1982, 2019, Oracle.  All rights reserved.

æœ€çµ‚æ­£å¸¸ãƒ­ã‚°ã‚¤ãƒ³æ™‚é–“: é‡‘ 10æœˆ 18 2024 10:48:18 +09:00


Oracle Database 19c Enterprise Edition Release 19.0.0.0.0 - Production
Version 19.3.0.0.0
ã«æ¥ç¶šã•ã‚Œã¾ã—ãŸã€‚
drop table ticket
           *
è¡Œ1ã§ã‚¨ãƒ©ãƒ¼ãŒç™ºç”Ÿã—ã¾ã—ãŸã€‚:
ORA-00942: è¡¨ã¾ãŸã¯ãƒ“ãƒ¥ãƒ¼ãŒå­˜åœ¨ã—ã¾ã›ã‚“ã€‚



é †åºãŒå‰Šé™¤ã•ã‚Œã¾ã—ãŸã€‚

Oracle Database 19c Enterprise Edition Release 19.0.0.0.0 - Production
Version 19.3.0.0.0ã¨ã®æ¥ç¶šãŒåˆ‡æ–­ã•ã‚Œã¾ã—ãŸã€‚

SQL*Plus: Release 19.0.0.0.0 - Production on é‡‘ 10æœˆ 18 10:49:34 2024
Version 19.3.0.0.0

Copyright (c) 1982, 2019, Oracle.  All rights reserved.

æœ€çµ‚æ­£å¸¸ãƒ­ã‚°ã‚¤ãƒ³æ™‚é–“: é‡‘ 10æœˆ 18 2024 10:49:33 +09:00


Oracle Database 19c Enterprise Edition Release 19.0.0.0.0 - Production
Version 19.3.0.0.0
ã«æ¥ç¶šã•ã‚Œã¾ã—ãŸã€‚

è¡¨ãŒå‰Šé™¤ã•ã‚Œã¾ã—ãŸã€‚

drop sequence users_Sequence
              *
è¡Œ1ã§ã‚¨ãƒ©ãƒ¼ãŒç™ºç”Ÿã—ã¾ã—ãŸã€‚:
ORA-02289: é †åºãŒå­˜åœ¨ã—ã¾ã›ã‚“ã€‚


Oracle Database 19c Enterprise Edition Release 19.0.0.0.0 - Production
Version 19.3.0.0.0ã¨ã®æ¥ç¶šãŒåˆ‡æ–­ã•ã‚Œã¾ã—ãŸã€‚

SQL*Plus: Release 19.0.0.0.0 - Production on é‡‘ 10æœˆ 18 10:49:41 2024
Version 19.3.0.0.0

Copyright (c) 1982, 2019, Oracle.  All rights reserved.

æœ€çµ‚æ­£å¸¸ãƒ­ã‚°ã‚¤ãƒ³æ™‚é–“: é‡‘ 10æœˆ 18 2024 10:49:34 +09:00


Oracle Database 19c Enterprise Edition Release 19.0.0.0.0 - Production
Version 19.3.0.0.0
ã«æ¥ç¶šã•ã‚Œã¾ã—ãŸã€‚

è¡¨ãŒä½œæˆã•ã‚Œã¾ã—ãŸã€‚


ã‚³ãƒŸãƒƒãƒˆãŒå®Œäº†ã—ã¾ã—ãŸã€‚

Oracle Database 19c Enterprise Edition Release 19.0.0.0.0 - Production
Version 19.3.0.0.0ã¨ã®æ¥ç¶šãŒåˆ‡æ–­ã•ã‚Œã¾ã—ãŸã€‚

SQL*Plus: Release 19.0.0.0.0 - Production on é‡‘ 10æœˆ 18 10:49:43 2024
Version 19.3.0.0.0

Copyright (c) 1982, 2019, Oracle.  All rights reserved.

æœ€çµ‚æ­£å¸¸ãƒ­ã‚°ã‚¤ãƒ³æ™‚é–“: é‡‘ 10æœˆ 18 2024 10:49:41 +09:00


Oracle Database 19c Enterprise Edition Release 19.0.0.0.0 - Production
Version 19.3.0.0.0
ã«æ¥ç¶šã•ã‚Œã¾ã—ãŸã€‚

é †åºãŒä½œæˆã•ã‚Œã¾ã—ãŸã€‚


è¡¨ãŒä½œæˆã•ã‚Œã¾ã—ãŸã€‚


ã‚³ãƒŸãƒƒãƒˆãŒå®Œäº†ã—ã¾ã—ãŸã€‚

Oracle Database 19c Enterprise Edition Release 19.0.0.0.0 - Production
Version 19.3.0.0.0ã¨ã®æ¥ç¶šãŒåˆ‡æ–­ã•ã‚Œã¾ã—ãŸã€‚

SQL*Plus: Release 19.0.0.0.0 - Production on é‡‘ 10æœˆ 18 10:49:49 2024
Version 19.3.0.0.0

Copyright (c) 1982, 2019, Oracle.  All rights reserved.

æœ€çµ‚æ­£å¸¸ãƒ­ã‚°ã‚¤ãƒ³æ™‚é–“: é‡‘ 10æœˆ 18 2024 10:49:43 +09:00


Oracle Database 19c Enterprise Edition Release 19.0.0.0.0 - Production
Version 19.3.0.0.0
ã«æ¥ç¶šã•ã‚Œã¾ã—ãŸã€‚

1è¡ŒãŒä½œæˆã•ã‚Œã¾ã—ãŸã€‚


1è¡ŒãŒä½œæˆã•ã‚Œã¾ã—ãŸã€‚


1è¡ŒãŒä½œæˆã•ã‚Œã¾ã—ãŸã€‚


1è¡ŒãŒä½œæˆã•ã‚Œã¾ã—ãŸã€‚

INSERT INTO users (email, user_name, password, old_password, secret_word) VALUES ('testuser2@hoge.jp', 'Error User1', 'password123', NULL, 'ãƒ†ã‚¹ãƒˆ')
*
è¡Œ1ã§ã‚¨ãƒ©ãƒ¼ãŒç™ºç”Ÿã—ã¾ã—ãŸã€‚:
ORA-02290: ãƒã‚§ãƒƒã‚¯åˆ¶ç´„(INFO.CK_USER_PASSWORD)ã«é•åã—ã¾ã—ãŸ


INSERT INTO users (email, user_name, password, old_password, secret_word) VALUES ('testuser3@hoge.jp', 'Error User2', 'AAAAaaaa1111!', NULL, 'ãƒ†ã‚¹ãƒˆ')
*
è¡Œ1ã§ã‚¨ãƒ©ãƒ¼ãŒç™ºç”Ÿã—ã¾ã—ãŸã€‚:
ORA-02290: ãƒã‚§ãƒƒã‚¯åˆ¶ç´„(INFO.CK_USER_PASSWORD)ã«é•åã—ã¾ã—ãŸ


INSERT INTO users (email, user_name, password, old_password, secret_word) VALUES ('testuser4@hoge.jp', 'Error User3', 'Short1!', NULL, 'ãƒ†ã‚¹ãƒˆ')
*
è¡Œ1ã§ã‚¨ãƒ©ãƒ¼ãŒç™ºç”Ÿã—ã¾ã—ãŸã€‚:
ORA-02290: ãƒã‚§ãƒƒã‚¯åˆ¶ç´„(INFO.CK_USER_PASSWORD)ã«é•åã—ã¾ã—ãŸ


INSERT INTO users (email, user_name, password, old_password, secret_word) VALUES ('testuer5@hoge.jp', 'Error User4', '12345678', NULL, 'ãƒ†ã‚¹ãƒˆ')
*
è¡Œ1ã§ã‚¨ãƒ©ãƒ¼ãŒç™ºç”Ÿã—ã¾ã—ãŸã€‚:
ORA-02290: ãƒã‚§ãƒƒã‚¯åˆ¶ç´„(INFO.CK_USER_PASSWORD)ã«é•åã—ã¾ã—ãŸ


INSERT INTO users (email, user_name, password, old_password, secret_word) VALUES ('', 'Error User5', 'ErrorUser123!', NULL, 'ãƒ†ã‚¹ãƒˆ')
                                                                                  *
è¡Œ1ã§ã‚¨ãƒ©ãƒ¼ãŒç™ºç”Ÿã—ã¾ã—ãŸã€‚:
ORA-01400: ("INFO"."USERS"."EMAIL")ã«ã¯NULLã¯æŒ¿å…¥ã§ãã¾ã›ã‚“ã€‚


INSERT INTO users (email, user_name, password, old_password, secret_word) VALUES ('testuer6@hoge.jp', '', 'ErrorUser123!', NULL, 'ãƒ†ã‚¹ãƒˆ')
                                                                                                      *
è¡Œ1ã§ã‚¨ãƒ©ãƒ¼ãŒç™ºç”Ÿã—ã¾ã—ãŸã€‚:
ORA-01400: ("INFO"."USERS"."USER_NAME")ã«ã¯NULLã¯æŒ¿å…¥ã§ãã¾ã›ã‚“ã€‚


INSERT INTO users (email, user_name, password, old_password, secret_word) VALUES ('testuser7@hoge.jp', 'Error User6', 'ErrorUser123!', NULL, '')
                                                                                                                                             *
è¡Œ1ã§ã‚¨ãƒ©ãƒ¼ãŒç™ºç”Ÿã—ã¾ã—ãŸã€‚:
ORA-01400: ("INFO"."USERS"."SECRET_WORD")ã«ã¯NULLã¯æŒ¿å…¥ã§ãã¾ã›ã‚“ã€‚


INSERT INTO users (email, user_name, password, old_password, secret_word) VALUES ('testuser1@hoge.jp', 'Error User6', 'ErrorUser123!', NULL, '')
                                                                                                                                             *
è¡Œ1ã§ã‚¨ãƒ©ãƒ¼ãŒç™ºç”Ÿã—ã¾ã—ãŸã€‚:
ORA-01400: ("INFO"."USERS"."SECRET_WORD")ã«ã¯NULLã¯æŒ¿å…¥ã§ãã¾ã›ã‚“ã€‚



ã‚³ãƒŸãƒƒãƒˆãŒå®Œäº†ã—ã¾ã—ãŸã€‚

Oracle Database 19c Enterprise Edition Release 19.0.0.0.0 - Production
Version 19.3.0.0.0ã¨ã®æ¥ç¶šãŒåˆ‡æ–­ã•ã‚Œã¾ã—ãŸã€‚

SQL*Plus: Release 19.0.0.0.0 - Production on é‡‘ 10æœˆ 18 10:49:50 2024
Version 19.3.0.0.0

Copyright (c) 1982, 2019, Oracle.  All rights reserved.

æœ€çµ‚æ­£å¸¸ãƒ­ã‚°ã‚¤ãƒ³æ™‚é–“: é‡‘ 10æœˆ 18 2024 10:49:49 +09:00


Oracle Database 19c Enterprise Edition Release 19.0.0.0.0 - Production
Version 19.3.0.0.0
ã«æ¥ç¶šã•ã‚Œã¾ã—ãŸã€‚

1è¡ŒãŒä½œæˆã•ã‚Œã¾ã—ãŸã€‚


1è¡ŒãŒä½œæˆã•ã‚Œã¾ã—ãŸã€‚


1è¡ŒãŒä½œæˆã•ã‚Œã¾ã—ãŸã€‚


1è¡ŒãŒä½œæˆã•ã‚Œã¾ã—ãŸã€‚


1è¡ŒãŒä½œæˆã•ã‚Œã¾ã—ãŸã€‚


1è¡ŒãŒä½œæˆã•ã‚Œã¾ã—ãŸã€‚


1è¡ŒãŒä½œæˆã•ã‚Œã¾ã—ãŸã€‚


1è¡ŒãŒä½œæˆã•ã‚Œã¾ã—ãŸã€‚


1è¡ŒãŒä½œæˆã•ã‚Œã¾ã—ãŸã€‚


1è¡ŒãŒä½œæˆã•ã‚Œã¾ã—ãŸã€‚


1è¡ŒãŒä½œæˆã•ã‚Œã¾ã—ãŸã€‚


1è¡ŒãŒä½œæˆã•ã‚Œã¾ã—ãŸã€‚

INSERT INTO ticket (ticket_id, email, title, deadline, assigned_person, importance, progress, category) VALUES (null, 'ichiroutanaka@hoge.jp', 'ã‚´ãƒŸå‡ºã—', TO_DATE('2024-10-03', 'YYYY-MM-DD'), 'ãƒãƒ', 'ä½', 0, 'å®¶äº‹')
                                                                                                                *
è¡Œ1ã§ã‚¨ãƒ©ãƒ¼ãŒç™ºç”Ÿã—ã¾ã—ãŸã€‚:
ORA-01400: ("INFO"."TICKET"."TICKET_ID")ã«ã¯NULLã¯æŒ¿å…¥ã§ãã¾ã›ã‚“ã€‚


INSERT INTO ticket (ticket_id, email, title, deadline, assigned_person, importance, progress, category) VALUES (11, 'NULL', 'ã‚´ãƒŸå‡ºã—', TO_DATE('2024-10-03', 'YYYY-MM-DD'), 'ãƒãƒ', 'ä½', 0, 'å®¶äº‹')
*
è¡Œ1ã§ã‚¨ãƒ©ãƒ¼ãŒç™ºç”Ÿã—ã¾ã—ãŸã€‚:
ORA-00001: ä¸€æ„åˆ¶ç´„(INFO.SYS_C008452)ã«åã—ã¦ã„ã¾ã™


INSERT INTO ticket (ticket_id, email, title, deadline, assigned_person, importance, progress, category) VALUES (12, 'ss23304007@ga.ttc.ac.jp', 'ãƒ—ãƒ­ã‚¸ã‚§ã‚¯ãƒˆã®ææ¡ˆæ›¸ã®ä½œæˆï¼ˆæ‹…å½“è€…å†ã‚¢ã‚µã‚¤ãƒ³ã®å¯èƒ½æ€§ã‚ã‚Šã¾ã™ï¼‰', TO_DATE('2025-02-02', 'YYYY-MM-DD'), 'ç”°ä¸­', 'é«˜', 0, 'é¡§å®¢èª¿æŸ»')
                                                                                                                                               *
è¡Œ1ã§ã‚¨ãƒ©ãƒ¼ãŒç™ºç”Ÿã—ã¾ã—ãŸã€‚:
ORA-12899: åˆ—"INFO"."TICKET"."TITLE"ã®å€¤ãŒå¤§ãã™ãã¾ã™(å®Ÿéš›: 62ã€æœ€å¤§: 60)


INSERT INTO ticket (ticket_id, email, title, deadline, assigned_person, importance, progress, category) VALUES (13, 'ss23304007@ga.ttc.ac.jp', 'ã‚´ãƒŸå‡ºã—', TO_DATE('2024-10-03', 'YYYY-MM-DD'), 'ãƒãƒ', 'LOW', 0, 'å®¶äº‹')
*
è¡Œ1ã§ã‚¨ãƒ©ãƒ¼ãŒç™ºç”Ÿã—ã¾ã—ãŸã€‚:
ORA-02290: ãƒã‚§ãƒƒã‚¯åˆ¶ç´„(INFO.CK_TICKET_IMPORTANCE)ã«é•åã—ã¾ã—ãŸ


INSERT INTO ticket (ticket_id, email, title, deadline, assigned_person, importance, progress, category) VALUES (14, 'ss23304007@ga.ttc.ac.jp', 'ã‚´ãƒŸå‡ºã—', TO_DATE('2024-10-03', 'YYYY-MM-DD'), 'ãƒãƒ', 'ä½', NULL, 'å®¶äº‹')
                                                                                                                                                                                                        *
è¡Œ1ã§ã‚¨ãƒ©ãƒ¼ãŒç™ºç”Ÿã—ã¾ã—ãŸã€‚:
ORA-01400: ("INFO"."TICKET"."PROGRESS")ã«ã¯NULLã¯æŒ¿å…¥ã§ãã¾ã›ã‚“ã€‚


INSERT INTO ticket (ticket_id, email, title, deadline, assigned_person, importance, progress, category) VALUES (1, 'ss23304007@ga.ttc.ac.jp', 'ã‚´ãƒŸå‡ºã—', TO_DATE('2024-10-03', 'YYYY-MM-DD'), 'ãƒãƒ', 'ä½', 0, 'å®¶äº‹')
*
è¡Œ1ã§ã‚¨ãƒ©ãƒ¼ãŒç™ºç”Ÿã—ã¾ã—ãŸã€‚:
ORA-00001: ä¸€æ„åˆ¶ç´„(INFO.SYS_C008452)ã«åã—ã¦ã„ã¾ã™



ã‚³ãƒŸãƒƒãƒˆãŒå®Œäº†ã—ã¾ã—ãŸã€‚

Oracle Database 19c Enterprise Edition Release 19.0.0.0.0 - Production
Version 19.3.0.0.0ã¨ã®æ¥ç¶šãŒåˆ‡æ–­ã•ã‚Œã¾ã—ãŸã€‚
